This is pdfTeXk, Version 3.141592-1.40.3 (Web2C 7.5.6) (format=pdflatex 2009.1.26)  6 AUG 2009 14:24
entering extended mode
 %&-line parsing enabled.
**bach.tex
(./bach.tex
LaTeX2e <2005/12/01>
Babel <v3.8h> and hyphenation patterns for english, usenglishmax, dumylang, noh
yphenation, arabic, farsi, croatian, ukrainian, russian, bulgarian, czech, slov
ak, danish, dutch, finnish, basque, french, german, ngerman, ibycus, greek, mon
ogreek, ancientgreek, hungarian, italian, latin, mongolian, norsk, icelandic, i
nterlingua, turkish, coptic, romanian, welsh, serbian, slovenian, estonian, esp
eranto, uppersorbian, indonesian, polish, portuguese, spanish, catalan, galicia
n, swedish, ukenglish, pinyin, loaded.
(/usr/share/texmf-texlive/tex/latex/base/article.cls
Document Class: article 2005/09/16 v1.4f Standard LaTeX document class
(/usr/share/texmf-texlive/tex/latex/base/size12.clo
File: size12.clo 2005/09/16 v1.4f Standard LaTeX file (size option)
)
\c@part=\count79
\c@section=\count80
\c@subsection=\count81
\c@subsubsection=\count82
\c@paragraph=\count83
\c@subparagraph=\count84
\c@figure=\count85
\c@table=\count86
\abovecaptionskip=\skip41
\belowcaptionskip=\skip42
\bibindent=\dimen102
)
(/usr/share/texmf-texlive/tex/latex/base/inputenc.sty
Package: inputenc 2006/05/05 v1.1b Input encoding file
\inpenc@prehook=\toks14
\inpenc@posthook=\toks15

(/usr/share/texmf-texlive/tex/latex/ucs/utf8x.def
File: utf8x.def 2004/10/17 UCS: Input encoding UTF-8
))
(/usr/share/texmf-texlive/tex/latex/ucs/ucs.sty
Package: ucs 2004/10/17 UCS: Unicode input support

(/usr/share/texmf-texlive/tex/latex/ucs/data/uni-global.def
File: uni-global.def 2004/10/17 UCS: Unicode global data
)
\uc@secondtry=\count87
\uc@combtoks=\toks16
\uc@combtoksb=\toks17
\uc@temptokena=\toks18
)
(/usr/share/texmf-texlive/tex/latex/base/fontenc.sty
Package: fontenc 2005/09/27 v1.99g Standard LaTeX package

(/usr/share/texmf-texlive/tex/latex/base/t1enc.def
File: t1enc.def 2005/09/27 v1.99g Standard LaTeX file
LaTeX Font Info:    Redeclaring font encoding T1 on input line 43.
))
(/usr/share/texmf-texlive/tex/generic/babel/babel.sty
Package: babel 2005/11/23 v3.8h The Babel package

(/usr/share/texmf-texlive/tex/generic/babel/ngermanb.ldf
Language: ngermanb 2004/02/20 v2.6m new German support from the babel system

(/usr/share/texmf-texlive/tex/generic/babel/babel.def
File: babel.def 2005/11/23 v3.8h Babel common definitions
\babel@savecnt=\count88
\U@D=\dimen103
)
\l@naustrian = a dialect from \language\l@ngerman 
Package babel Info: Making " an active character on input line 92.
))
(/usr/share/texmf-texlive/tex/latex/graphics/graphicx.sty
Package: graphicx 1999/02/16 v1.0f Enhanced LaTeX Graphics (DPC,SPQR)

(/usr/share/texmf-texlive/tex/latex/graphics/keyval.sty
Package: keyval 1999/03/16 v1.13 key=value parser (DPC)
\KV@toks@=\toks19
)
(/usr/share/texmf-texlive/tex/latex/graphics/graphics.sty
Package: graphics 2006/02/20 v1.0o Standard LaTeX Graphics (DPC,SPQR)

(/usr/share/texmf-texlive/tex/latex/graphics/trig.sty
Package: trig 1999/03/16 v1.09 sin cos tan (DPC)
)
(/etc/texmf/tex/latex/config/graphics.cfg
File: graphics.cfg 2007/01/18 v1.5 graphics configuration of teTeX/TeXLive
)
Package graphics Info: Driver file: pdftex.def on input line 90.

(/usr/share/texmf-texlive/tex/latex/pdftex-def/pdftex.def
File: pdftex.def 2007/01/08 v0.04d Graphics/color for pdfTeX
\Gread@gobject=\count89
))
\Gin@req@height=\dimen104
\Gin@req@width=\dimen105
)
(/usr/share/texmf-texlive/tex/latex/koma-script/scrpage2.sty
Package: scrpage2 2006/03/29 v2.2c LaTeX2e KOMA-Script package
)
(/usr/share/texmf-texlive/tex/latex/hyperref/hyperref.sty
Package: hyperref 2007/02/07 v6.75r Hypertext links for LaTeX
\@linkdim=\dimen106
\Hy@linkcounter=\count90
\Hy@pagecounter=\count91

(/usr/share/texmf-texlive/tex/latex/hyperref/pd1enc.def
File: pd1enc.def 2007/02/07 v6.75r Hyperref: PDFDocEncoding definition (HO)
)
(/etc/texmf/tex/latex/config/hyperref.cfg
File: hyperref.cfg 2002/06/06 v1.2 hyperref configuration of TeXLive
)
(/usr/share/texmf-texlive/tex/latex/oberdiek/kvoptions.sty
Package: kvoptions 2006/08/22 v2.4 Connects package keyval with LaTeX options (
HO)
)
Package hyperref Info: Hyper figures OFF on input line 2288.
Package hyperref Info: Link nesting OFF on input line 2293.
Package hyperref Info: Hyper index ON on input line 2296.
Package hyperref Info: Plain pages OFF on input line 2303.
Package hyperref Info: Backreferencing OFF on input line 2308.

Implicit mode ON; LaTeX internals redefined
Package hyperref Info: Bookmarks ON on input line 2444.
(/usr/share/texmf-texlive/tex/latex/ltxmisc/url.sty
\Urlmuskip=\muskip10
Package: url 2005/06/27  ver 3.2  Verb mode for urls, etc.
)
LaTeX Info: Redefining \url on input line 2599.
\Fld@menulength=\count92
\Field@Width=\dimen107
\Fld@charsize=\dimen108
\Choice@toks=\toks20
\Field@toks=\toks21
Package hyperref Info: Hyper figures OFF on input line 3102.
Package hyperref Info: Link nesting OFF on input line 3107.
Package hyperref Info: Hyper index ON on input line 3110.
Package hyperref Info: backreferencing OFF on input line 3117.
Package hyperref Info: Link coloring OFF on input line 3122.
\Hy@abspage=\count93
\c@Item=\count94
\c@Hfootnote=\count95
)
*hyperref using default driver hpdftex*
(/usr/share/texmf-texlive/tex/latex/hyperref/hpdftex.def
File: hpdftex.def 2007/02/07 v6.75r Hyperref driver for pdfTeX
\Fld@listcount=\count96
)
(/usr/share/texmf-texlive/tex/latex/subfigure/subfigure.sty
Package: subfigure 2002/03/15 v2.1.5 subfigure package
\subfigtopskip=\skip43
\subfigcapskip=\skip44
\subfigcaptopadj=\dimen109
\subfigbottomskip=\skip45
\subfigcapmargin=\dimen110
\subfiglabelskip=\skip46
\c@subfigure=\count97
\c@lofdepth=\count98
\c@subtable=\count99
\c@lotdepth=\count100

****************************************
* Local config file subfigure.cfg used *
****************************************
(/usr/share/texmf-texlive/tex/latex/subfigure/subfigure.cfg)
\subfig@top=\skip47
\subfig@bottom=\skip48
)
(/usr/share/texmf-texlive/tex/latex/ae/ae.sty
Package: ae 2001/02/12 1.3 Almost European Computer Modern

(/usr/share/texmf-texlive/tex/latex/base/fontenc.sty
Package: fontenc 2005/09/27 v1.99g Standard LaTeX package

(/usr/share/texmf-texlive/tex/latex/base/t1enc.def
File: t1enc.def 2005/09/27 v1.99g Standard LaTeX file
LaTeX Font Info:    Redeclaring font encoding T1 on input line 43.
)
LaTeX Font Info:    Try loading font information for T1+aer on input line 100.

(/usr/share/texmf-texlive/tex/latex/ae/t1aer.fd
File: t1aer.fd 1997/11/16 Font definitions for T1/aer.
)))
(/usr/share/texmf-texlive/tex/latex/amsmath/amsmath.sty
Package: amsmath 2000/07/18 v2.13 AMS math features
\@mathmargin=\skip49

For additional information on amsmath, use the `?' option.
(/usr/share/texmf-texlive/tex/latex/amsmath/amstext.sty
Package: amstext 2000/06/29 v2.01

(/usr/share/texmf-texlive/tex/latex/amsmath/amsgen.sty
File: amsgen.sty 1999/11/30 v2.0
\@emptytoks=\toks22
\ex@=\dimen111
))
(/usr/share/texmf-texlive/tex/latex/amsmath/amsbsy.sty
Package: amsbsy 1999/11/29 v1.2d
\pmbraise@=\dimen112
)
(/usr/share/texmf-texlive/tex/latex/amsmath/amsopn.sty
Package: amsopn 1999/12/14 v2.01 operator names
)
\inf@bad=\count101
LaTeX Info: Redefining \frac on input line 211.
\uproot@=\count102
\leftroot@=\count103
LaTeX Info: Redefining \overline on input line 307.
\classnum@=\count104
\DOTSCASE@=\count105
LaTeX Info: Redefining \ldots on input line 379.
LaTeX Info: Redefining \dots on input line 382.
LaTeX Info: Redefining \cdots on input line 467.
\Mathstrutbox@=\box26
\strutbox@=\box27
\big@size=\dimen113
LaTeX Font Info:    Redeclaring font encoding OML on input line 567.
LaTeX Font Info:    Redeclaring font encoding OMS on input line 568.
\macc@depth=\count106
\c@MaxMatrixCols=\count107
\dotsspace@=\muskip11
\c@parentequation=\count108
\dspbrk@lvl=\count109
\tag@help=\toks23
\row@=\count110
\column@=\count111
\maxfields@=\count112
\andhelp@=\toks24
\eqnshift@=\dimen114
\alignsep@=\dimen115
\tagshift@=\dimen116
\tagwidth@=\dimen117
\totwidth@=\dimen118
\lineht@=\dimen119
\@envbody=\toks25
\multlinegap=\skip50
\multlinetaggap=\skip51
\mathdisplay@stack=\toks26
LaTeX Info: Redefining \[ on input line 2666.
LaTeX Info: Redefining \] on input line 2667.
)
(/usr/share/texmf-texlive/tex/latex/amsfonts/amsfonts.sty
Package: amsfonts 2001/10/25 v2.2f
\symAMSa=\mathgroup4
\symAMSb=\mathgroup5
LaTeX Font Info:    Overwriting math alphabet `\mathfrak' in version `bold'
(Font)                  U/euf/m/n --> U/euf/b/n on input line 132.
)
(/usr/share/texmf-texlive/tex/latex/amsfonts/amssymb.sty
Package: amssymb 2002/01/22 v2.2d
)
(/usr/share/texmf-texlive/tex/latex/floatflt/floatflt.sty
Package: floatflt 1997/07/16 v. 1.31
\c@OptionTest=\count113
\figbox=\box28
\tabbox=\box29
\pagebox=\box30
\ffigcount=\count114
\ftabcount=\count115
\fftest=\count116
\hangcount=\count117
\nosuccesstryfig=\count118
\nosuccesstrytab=\count119
\figgutter=\dimen120
\tabgutter=\dimen121
\htdone=\dimen122
\pageht=\dimen123
\startpageht=\dimen124
\tabbredd=\dimen125
\floatfltwidth=\dimen126
\fltitemwidth=\dimen127
\outputpretest=\toks27
)
(/usr/share/texmf-texlive/tex/latex/pdfpages/pdfpages.sty
Package: pdfpages 2006/08/12 v0.4a Insert pages of external PDF documents (AM)

(/usr/share/texmf-texlive/tex/latex/base/ifthen.sty
Package: ifthen 2001/05/26 v1.1c Standard LaTeX ifthen package (DPC)
)
(/usr/share/texmf-texlive/tex/latex/tools/calc.sty
Package: calc 2005/08/06 v4.2 Infix arithmetic (KKT,FJ)
\calc@Acount=\count120
\calc@Bcount=\count121
\calc@Adimen=\dimen128
\calc@Bdimen=\dimen129
\calc@Askip=\skip52
\calc@Bskip=\skip53
LaTeX Info: Redefining \setlength on input line 75.
LaTeX Info: Redefining \addtolength on input line 76.
\calc@Ccount=\count122
\calc@Cskip=\skip54
)
(/usr/share/texmf-texlive/tex/latex/eso-pic/eso-pic.sty
Package: eso-pic 2006/07/14 v1.1d eso-pic (RN)

(/usr/share/texmf-texlive/tex/latex/everyshi/everyshi.sty
Package: everyshi 2001/05/15 v3.00 EveryShipout Package (MS)
))
(/usr/share/texmf-texlive/tex/latex/pdfpages/pppdftex.def
File: pppdftex.def 2006/08/12 v0.4a Pdfpages driver for pdfTeX (AM)
)
\AM@pagebox=\box31
\AM@toc@title=\toks28
\c@AM@survey=\count123
)
(/usr/share/texmf-texlive/tex/latex/ltxmisc/threeparttable.sty
Package: threeparttable 2003/06/13  v 3.0
\@tempboxb=\box32
)
(/usr/share/texmf-texlive/tex/latex/ltxmisc/endnotes.sty
\c@endnote=\count124
\endnotesep=\dimen130
\@enotes=\write3
)
(/usr/share/texmf-texlive/tex/latex/rotating/rotating.sty
Package: rotating 1997/09/26, v2.13 Rotation package
\c@r@tfl@t=\count125
\rot@float@box=\box33
)
(/usr/share/texmf-texlive/tex/latex/listings/listings.sty
\lst@mode=\count126
\lst@gtempboxa=\box34
\lst@token=\toks29
\lst@length=\count127
\lst@currlwidth=\dimen131
\lst@column=\count128
\lst@pos=\count129
\lst@lostspace=\dimen132
\lst@width=\dimen133
\lst@newlines=\count130
\lst@lineno=\count131
\c@lstlisting=\count132
\lst@maxwidth=\dimen134

(/usr/share/texmf-texlive/tex/latex/listings/lstpatch.sty
File: lstpatch.sty 2004/10/17 1.3b (Carsten Heinz)
)
(/usr/share/texmf-texlive/tex/latex/listings/lstmisc.sty
File: lstmisc.sty 2004/09/07 1.3 (Carsten Heinz)
\c@lstnumber=\count133
\lst@skipnumbers=\count134
\lst@framebox=\box35
)
(/usr/share/texmf-texlive/tex/latex/listings/listings.cfg
File: listings.cfg 2004/09/05 1.3 listings configuration
))
Package: listings 2004/10/17 1.3b (Carsten Heinz)

(/usr/share/texmf-texlive/tex/latex/glossaries/base/glossaries.sty
Package: glossaries 2009/05/30 v2.01 (NLCT)

(/usr/share/texmf-texlive/tex/latex/xkeyval/xkeyval.sty
Package: xkeyval 2006/11/18 v2.5f package option processing (HA)

(/usr/share/texmf-texlive/tex/latex/xkeyval/xkeyval.tex
\XKV@toks=\toks30
\XKV@depth=\count135
File: xkeyval.tex 2006/11/18 v2.5f key=value parser (HA)
))
(/usr/share/texmf-texlive/tex/latex/glossaries/base/mfirstuc.sty
Package: mfirstuc 2008/12/22 v1.03 (NLCT)
)
(/usr/share/texmf-texlive/tex/latex/latex/xfor/xfor.sty
Package: xfor 2009/02/05 v1.05 (NLCT)
)
(/usr/share/texmf-texlive/tex/latex/glossaries/base/glossaries-babel.sty
Package: glossaries-babel 2009/04/16 v1.2 (NLCT)
)
\gls@level=\count136
\@gls@tmpb=\toks31
\gls@tmplen=\skip55
\istfile=\write4

(/usr/share/texmf-texlive/tex/latex/glossaries/styles/glossary-hypernav.sty
Package: glossary-hypernav 2007/07/04 v1.01 (NLCT)
)
(/usr/share/texmf-texlive/tex/latex/glossaries/styles/glossary-list.sty
Package: glossary-list 2009/05/30 v2.01 (NLCT)
\glslistdottedwidth=\skip56
)
(/usr/share/texmf-texlive/tex/latex/glossaries/styles/glossary-long.sty
Package: glossary-long 2009/05/30 v2.01 (NLCT)

(/usr/share/texmf-texlive/tex/latex/tools/longtable.sty
Package: longtable 2004/02/01 v4.11 Multi-page Table package (DPC)
\LTleft=\skip57
\LTright=\skip58
\LTpre=\skip59
\LTpost=\skip60
\LTchunksize=\count137
\LTcapwidth=\dimen135
\LT@head=\box36
\LT@firsthead=\box37
\LT@foot=\box38
\LT@lastfoot=\box39
\LT@cols=\count138
\LT@rows=\count139
\c@LT@tables=\count140
\c@LT@chunks=\count141
\LT@p@ftn=\toks32
)
\glsdescwidth=\skip61
\glspagelistwidth=\skip62
)
(/usr/share/texmf-texlive/tex/latex/glossaries/styles/glossary-super.sty
Package: glossary-super 2009/05/30 v2.01 (NLCT)

(/usr/share/texmf-texlive/tex/latex/supertabular/supertabular.sty
Package: supertabular 2004/02/20 v4.1e the supertabular environment
\c@tracingst=\count142
\ST@wd=\dimen136
\ST@rightskip=\skip63
\ST@leftskip=\skip64
\ST@parfillskip=\skip65
\ST@pageleft=\dimen137
\ST@headht=\dimen138
\ST@tailht=\dimen139
\ST@pagesofar=\dimen140
\ST@pboxht=\dimen141
\ST@lineht=\dimen142
\ST@stretchht=\dimen143
\ST@prevht=\dimen144
\ST@toadd=\dimen145
\ST@dimen=\dimen146
\ST@pbox=\box40
))
(/usr/share/texmf-texlive/tex/latex/glossaries/styles/glossary-tree.sty
Package: glossary-tree 2009/01/14 v1.01 (NLCT)
\glstreeindent=\skip66
))
(/usr/share/texmf-texlive/tex/latex/tools/verbatim.sty
Package: verbatim 2003/08/22 v1.5q LaTeX2e package for verbatim enhancements
\every@verbatim=\toks33
\verbatim@line=\toks34
\verbatim@in@stream=\read1
)
(/usr/share/texmf-texlive/tex/latex/blindtext/blindtext.sty
Package: blindtext 2006/11/21 V1.7 blindtext-Package

(/usr/share/texmf-texlive/tex/latex/tools/xspace.sty
Package: xspace 2006/05/08 v1.12 Space after command names (DPC,MH)
)
\c@blindtext=\count143
\c@Blindtext=\count144
\blind@countxx=\count145
\blindtext@numBlindtext=\count146
\blind@countyy=\count147
\c@blindlist=\count148
\c@blindlistlevel=\count149
\c@blindlist@level=\count150
\blind@listitem=\count151
\c@blind@listcount=\count152
\c@blind@levelcount=\count153
)
(/usr/share/texmf/tex/latex/xcolor/xcolor.sty
Package: xcolor 2007/01/21 v2.11 LaTeX color extensions (UK)

(/etc/texmf/tex/latex/config/color.cfg
File: color.cfg 2007/01/18 v1.5 color configuration of teTeX/TeXLive
)
Package xcolor Info: Driver file: pdftex.def on input line 225.
Package xcolor Info: Model `cmy' substituted by `cmy0' on input line 1337.
Package xcolor Info: Model `hsb' substituted by `rgb' on input line 1341.
Package xcolor Info: Model `RGB' extended on input line 1353.
Package xcolor Info: Model `HTML' substituted by `rgb' on input line 1355.
Package xcolor Info: Model `Hsb' substituted by `hsb' on input line 1356.
Package xcolor Info: Model `tHsb' substituted by `hsb' on input line 1357.
Package xcolor Info: Model `HSB' substituted by `hsb' on input line 1358.
Package xcolor Info: Model `Gray' substituted by `gray' on input line 1359.
Package xcolor Info: Model `wave' substituted by `hsb' on input line 1360.
)
(/usr/share/texmf-texlive/tex/latex/footmisc/footmisc.sty
Package: footmisc 2005/03/17 v5.3d a miscellany of footnote facilities
\FN@temptoken=\toks35
\footnotemargin=\dimen147


LaTeX Warning: Command \@makecol  has changed.
               Check if current package is valid.


LaTeX Warning: Command \@footnotetext  has changed.
               Check if current package is valid.

\c@pp@next@reset=\count154
Package footmisc Info: Declaring symbol style bringhurst on input line 817.
Package footmisc Info: Declaring symbol style chicago on input line 818.
Package footmisc Info: Declaring symbol style wiley on input line 819.
Package footmisc Info: Declaring symbol style lamport-robust on input line 823.

Package footmisc Info: Declaring symbol style lamport* on input line 831.
Package footmisc Info: Declaring symbol style lamport*-robust on input line 840
.
)
\@indexfile=\write5
\openout5 = `bach.idx'.


Writing index file bach.idx
\glo@main@file=\write6
\openout6 = `bach.glo'.

Package glossaries Info: Writing glossary file bach.glo on input line 43.
(./bach.aux

LaTeX Warning: Label `ucm-a2a' multiply defined.


LaTeX Warning: Label `check-swap' multiply defined.


LaTeX Warning: Label `servdef' multiply defined.


LaTeX Warning: Label `fig:cknt' multiply defined.


LaTeX Warning: Label `nscs2' multiply defined.


LaTeX Warning: Label `nt-servdef' multiply defined.


LaTeX Warning: Label `user-sim' multiply defined.

)
\openout1 = `bach.aux'.

LaTeX Font Info:    Checking defaults for OML/cmm/m/it on input line 71.
LaTeX Font Info:    ... okay on input line 71.
LaTeX Font Info:    Checking defaults for T1/cmr/m/n on input line 71.
LaTeX Font Info:    ... okay on input line 71.
LaTeX Font Info:    Checking defaults for OT1/cmr/m/n on input line 71.
LaTeX Font Info:    ... okay on input line 71.
LaTeX Font Info:    Checking defaults for OMS/cmsy/m/n on input line 71.
LaTeX Font Info:    ... okay on input line 71.
LaTeX Font Info:    Checking defaults for OMX/cmex/m/n on input line 71.
LaTeX Font Info:    ... okay on input line 71.
LaTeX Font Info:    Checking defaults for U/cmr/m/n on input line 71.
LaTeX Font Info:    ... okay on input line 71.
LaTeX Font Info:    Checking defaults for PD1/pdf/m/n on input line 71.
LaTeX Font Info:    ... okay on input line 71.
 (/usr/share/texmf-texlive/tex/latex/ucs/ucsencs.def
File: ucsencs.def 2003/11/29 Fixes to fontencodings LGR, T3
)
(/usr/share/texmf/tex/context/base/supp-pdf.tex
[Loading MPS to PDF converter (version 2006.09.02).]
\scratchcounter=\count155
\scratchdimen=\dimen148
\scratchbox=\box41
\nofMPsegments=\count156
\nofMParguments=\count157
\everyMPshowfont=\toks36
\MPscratchCnt=\count158
\MPscratchDim=\dimen149
\MPnumerator=\count159
\everyMPtoPDFconversion=\toks37
)
Package hyperref Info: Link coloring OFF on input line 71.
 (/usr/share/texmf-texlive/tex/latex/hyperref/nameref.sty
Package: nameref 2006/12/27 v2.28 Cross-referencing by name of section

(/usr/share/texmf-texlive/tex/latex/oberdiek/refcount.sty
Package: refcount 2006/02/20 v3.0 Data extraction from references (HO)
)
\c@section@level=\count160
)
LaTeX Info: Redefining \ref on input line 71.
LaTeX Info: Redefining \pageref on input line 71.
 (./bach.out)
(./bach.out)
\@outlinefile=\write7
\openout7 = `bach.out'.

 ABD: EveryShipout initializing macros
<Titelblatt.pdf, id=253, page=1, 597.23125pt x 845.1575pt>
File: Titelblatt.pdf Graphic file (type pdf)

<use Titelblatt.pdf, page 1>
File: Titelblatt.pdf Graphic file (type pdf)
 <use Titelblatt.pdf, page 1>
File: Titelblatt.pdf Graphic file (type pdf)

<use Titelblatt.pdf, page 1>
File: Titelblatt.pdf Graphic file (type pdf)
 <use Titelblatt.pdf, page 1>
File: Titelblatt.pdf Graphic file (type pdf)

<use Titelblatt.pdf, page 1> [1

\openout4 = `bach.ist'.

 <./Titelblatt.pdf

pdfTeX warning: pdflatex (file ./Titelblatt.pdf): PDF inclusion: Page Group det
ected which pdfTeX can't handle. Ignoring it.
>] (./bach.toc
LaTeX Font Info:    Try loading font information for U+msa on input line 2.
 (/usr/share/texmf-texlive/tex/latex/amsfonts/umsa.fd
File: umsa.fd 2002/01/19 v2.2g AMS font definitions
)
LaTeX Font Info:    Try loading font information for U+msb on input line 2.

(/usr/share/texmf-texlive/tex/latex/amsfonts/umsb.fd
File: umsb.fd 2002/01/19 v2.2g AMS font definitions
) [2{/var/lib/texmf/fonts/map/pdftex/updmap/pdftex.map}]
Overfull \hbox (0.37392pt too wide) in paragraph at lines 68--68
 [][] [][]\T1/aer/m/n/12 Auswahl und Kon-fi-gu-ra-ti-on des Nagios-Agenten[] []
[]  
 []

[3])
\tf@toc=\write8
\openout8 = `bach.toc'.

 [4] (./tex/preamble.tex
(/usr/share/texmf-texlive/tex/latex/ucs/data/uni-0.def
File: uni-0.def 2004/10/17 UCS: Unicode data U+0000..U+00FF
)
Underfull \hbox (badness 10000) in paragraph at lines 32--32

 []

) [5] (./tex/glossar.tex) (./tex/einleitung.tex)pdfTeX warning (ext4): destinat
ion with the same identifier (name{page.1}) has been already used, duplicate ig
nored
<to be read again> 
                   \relax 
l.98 \newpage
              <bilder/fzk2.png, id=354, 132.495pt x 231.264pt>
File: bilder/fzk2.png Graphic file (type png)

<use bilder/fzk2.png>
Overfull \vbox (1.68883pt too high) has occurred while \output is active []


[1 <./bilder/fzk2.png>] (./tex/abstract.tex)pdfTeX warning (ext4): destination 
with the same identifier (name{page.2}) has been already used, duplicate ignore
d
<to be read again> 
                   \relax 
l.99 \input{tex/abstract.tex} \newpage
                                      
File: bilder/fzk2.png Graphic file (type png)
 <use bilder/fzk2.png>
Overfull \vbox (1.68883pt too high) has occurred while \output is active []


[2] (./tex/aufgabenstellung.tex)pdfTeX warning (ext4): destination with the sam
e identifier (name{page.3}) has been already used, duplicate ignored
<to be read again> 
                   \relax 
l.100 \input{tex/aufgabenstellung.tex} \newpage
                                               
File: bilder/fzk2.png Graphic file (type png)
 <use bilder/fzk2.png>
Overfull \vbox (1.68883pt too high) has occurred while \output is active []


[3] (./tex/grundlagen.tex (./tex/monitoring.texpdfTeX warning (ext4): destinati
on with the same identifier (name{page.4}) has been already used, duplicate ign
ored
<to be read again> 
                   \relax 
l.26 
     
File: bilder/fzk2.png Graphic file (type png)
 <use bilder/fzk2.png>
Overfull \vbox (1.68883pt too high) has occurred while \output is active []


[4]
Overfull \hbox (2.79346pt too wide) in paragraph at lines 41--45
 \T1/aer/bx/n/12 Über-wa-chungs-red-un-dan-zen ver-mei-den[] \T1/aer/m/n/12 Red
-un-dan-te Über-wa-chung ent-
 []

pdfTeX warning (ext4): destination with the same identifier (name{page.5}) has 
been already used, duplicate ignored
<to be read again> 
                   \relax 
l.50 
     
File: bilder/fzk2.png Graphic file (type png)
 <use bilder/fzk2.png>
Overfull \vbox (1.68883pt too high) has occurred while \output is active []


[5]
Overfull \hbox (5.07245pt too wide) in paragraph at lines 52--54
 \T1/aer/bx/n/12 Mi-ni-ma-le Netz-werk-be-las-tung[] \T1/aer/m/n/12 Um be-reits
 stark be-las-te-te Netz-werk-punk-
 []

File: bilder/fzk2.png Graphic file (type png)
<use bilder/fzk2.png>
Overfull \vbox (1.68883pt too high) has occurred while \output is active []


[6]) (./tex/dms.tex
LaTeX Font Info:    Try loading font information for OMS+aer on input line 7.
 (/usr/share/texmf-texlive/tex/latex/ae/omsaer.fd
File: omsaer.fd 1999/12/27
)
LaTeX Font Info:    Font shape `OMS/aer/m/n' in size <12> not available
(Font)              Font shape `OMS/cmsy/m/n' tried instead on input line 7.

Overfull \hbox (5.03622pt too wide) in paragraph at lines 7--8
[]\T1/aer/m/n/12 Ein Do-ku-ment fasst in-halt-lich zu-sam-men-ge-hö-ren-de In-f
or-ma-tio-nen struk-
 []

File: bilder/fzk2.png Graphic file (type png)
<use bilder/fzk2.png>
Overfull \vbox (1.68883pt too high) has occurred while \output is active []


[7]
Overfull \hbox (34.72449pt too wide) in paragraph at lines 18--18
\T1/aer/m/n/12 ren-de In-for-ma-ti-ons-be-stän-de, die für die Pu-bli-ka-ti-on 
in nicht-körperlichen
 []

File: bilder/fzk2.png Graphic file (type png)
<use bilder/fzk2.png>
Overfull \vbox (1.68883pt too high) has occurred while \output is active []


[8]
Overfull \hbox (2.51434pt too wide) in paragraph at lines 54--55
[]\T1/aer/m/n/12 ^^RBei \T1/aer/bx/n/12 Dokumenten-Management-Systemen im en-ge
-ren Sin-
 []

File: bilder/fzk2.png Graphic file (type png)
<use bilder/fzk2.png>
Overfull \vbox (1.68883pt too high) has occurred while \output is active []


[9]
Overfull \hbox (5.57437pt too wide) in paragraph at lines 56--56
[]\T1/aer/m/n/12 Den \T1/aer/bx/n/12 Dokumenten-Management-Systemen im wei-te-r
en Sin-
 []


Overfull \hbox (24.65767pt too wide) in paragraph at lines 75--77
\T1/aer/m/n/12 ons-be-reich Ein-ga-be die Auf-ga-be die-se Do-ku-men-te dem Dok
umenten-Management-
 []

File: bilder/fzk2.png Graphic file (type png)
<use bilder/fzk2.png>
Overfull \vbox (1.68883pt too high) has occurred while \output is active []


[10]
Overfull \hbox (11.5494pt too wide) in paragraph at lines 88--90
\T1/aer/m/n/12 ge-spei-chert. Ein Bei-spiel ist die Um-wand-lung ei-nes Mi-cro-
soft Word-Dokumentes
 []

File: bilder/fzk2.png Graphic file (type png)
<use bilder/fzk2.png>
Overfull \vbox (1.68883pt too high) has occurred while \output is active []


[11]
File: bilder/fzk2.png Graphic file (type png)
 <use bilder/fzk2.png>
Overfull \vbox (1.68883pt too high) has occurred while \output is active []


[12]
File: bilder/fzk2.png Graphic file (type png)
 <use bilder/fzk2.png>
Overfull \vbox (1.68883pt too high) has occurred while \output is active []


[13] <bilder/ucm.png, id=487, 513.92pt x 288.07625pt>
File: bilder/ucm.png Graphic file (type png)
 <use bilder/ucm.png>
File: bilder/fzk2.png Graphic file (type png)

<use bilder/fzk2.png>
Overfull \vbox (1.68883pt too high) has occurred while \output is active []


[14]
LaTeX Font Info:    Try loading font information for T1+aett on input line 178.

 (/usr/share/texmf-texlive/tex/latex/ae/t1aett.fd
File: t1aett.fd 1997/11/16 Font definitions for T1/aett.
)
Overfull \hbox (1.47629pt too wide) in paragraph at lines 177--180
\T1/aer/m/n/12 Input- und Output-Management, (Web-)Content-management, Ar-chi-v
ie-rung,
 []

File: bilder/fzk2.png Graphic file (type png)
<use bilder/fzk2.png>
Overfull \vbox (1.68883pt too high) has occurred while \output is active []


[15 <./bilder/ucm.png (PNG copy)>]) (./tex/soa.tex
Overfull \hbox (0.24751pt too wide) in paragraph at lines 11--12
\T1/aer/m/n/12 Ap-pli-ka-tio-nen als wie-der-ver-wend-ba-re und of-fen zu-greif
-ba-re Diens-
 []

File: bilder/fzk2.png Graphic file (type png)
<use bilder/fzk2.png>
Overfull \vbox (1.68883pt too high) has occurred while \output is active []


[16] <bilder/soa1.png, id=534, 1095.09125pt x 136.51pt>
File: bilder/soa1.png Graphic file (type png)
 <use bilder/soa1.png>
Overfull \hbox (1.82156pt too wide) in paragraph at lines 30--31
[]\T1/aer/m/n/12 Dieser Struk-tur wird nun ein Service-Orientierte Kom-po-nen-t
e \T1/aer/m/it/12 Cre-dit Checking
 []

<bilder/soa2.png, id=538, 1088.065pt x 229.85875pt>
File: bilder/soa2.png Graphic file (type png)
 <use bilder/soa2.png>
File: bilder/fzk2.png Graphic file (type png)

<use bilder/fzk2.png>
Overfull \vbox (1.68883pt too high) has occurred while \output is active []


[17 <./bilder/soa1.png> <./bilder/soa2.png>]
Overfull \hbox (9.95758pt too wide) in paragraph at lines 62--63
[]\T1/aer/m/n/12 Daraus lei-tet Mel-zer fol-gen-de Spe-zi-fi-ka-tio-nen für ei-
ne Web-Services-Architektur
 []

File: bilder/fzk2.png Graphic file (type png)
<use bilder/fzk2.png>
Overfull \vbox (1.68883pt too high) has occurred while \output is active []


[18]
Overfull \hbox (26.92691pt too wide) in paragraph at lines 69--71
\T1/aer/m/n/12 Zu den Me-ta-da-ten zäh-len all-ge-mei-ne An-forn-de-run-gen, We
b-Services-Eigenschaften
 []

File: bilder/fzk2.png Graphic file (type png)
<use bilder/fzk2.png>
Overfull \vbox (1.68883pt too high) has occurred while \output is active []


[19]))
File: bilder/fzk2.png Graphic file (type png)
 <use bilder/fzk2.png>
Overfull \vbox (1.68883pt too high) has occurred while \output is active []


[20] (./tex/nagios.tex
Overfull \hbox (6.74178pt too wide) in paragraph at lines 12--14
[]\T1/aer/m/n/12 Nagios er-freut sich ho-her Be-liebt-heit auf-grund der (be-re
its vor-han-de-nen [macht
 []

(./tex/aufbau.tex
File: bilder/fzk2.png Graphic file (type png)
 <use bilder/fzk2.png>
Overfull \vbox (1.68883pt too high) has occurred while \output is active []


[21] <bilder/activechecks.png, id=622, 169.63374pt x 287.0725pt>
File: bilder/activechecks.png Graphic file (type png)

<use bilder/activechecks.png>
File: bilder/fzk2.png Graphic file (type png)
 <use bilder/fzk2.png>
Overfull \vbox (1.68883pt too high) has occurred while \output is active []


[22 <./bilder/activechecks.png (PNG copy)>]
Package hyperref Info: bookmark level for unknown lstlisting defaults to 0 on i
nput line 25.

(/usr/share/texmf-texlive/tex/latex/ucs/utf8x.def
File: utf8x.def 2004/10/17 UCS: Input encoding UTF-8
)
(/usr/share/texmf-texlive/tex/latex/listings/lstlang1.sty
File: lstlang1.sty 2004/09/05 1.3 listings language file
)
(/usr/share/texmf-texlive/tex/latex/ucs/utf8x.def
File: utf8x.def 2004/10/17 UCS: Input encoding UTF-8
)
(/usr/share/texmf-texlive/tex/latex/ucs/utf8x.def
File: utf8x.def 2004/10/17 UCS: Input encoding UTF-8
)
<bilder/example-ping.png, id=631, 795.97375pt x 50.1875pt>
File: bilder/example-ping.png Graphic file (type png)

<use bilder/example-ping.png>
File: bilder/fzk2.png Graphic file (type png)
 <use bilder/fzk2.png>
Overfull \vbox (1.68883pt too high) has occurred while \output is active []


[23] (/usr/share/texmf-texlive/tex/latex/ucs/utf8x.def
File: utf8x.def 2004/10/17 UCS: Input encoding UTF-8
)
<bilder/check-swap-white.png, id=663, 471.7625pt x 29.10875pt>
File: bilder/check-swap-white.png Graphic file (type png)

<use bilder/check-swap-white.png>
File: bilder/fzk2.png Graphic file (type png)
 <use bilder/fzk2.png>
Overfull \vbox (1.68883pt too high) has occurred while \output is active []


[24 <./bilder/example-ping.png (PNG copy)> <./bilder/check-swap-white.png (PNG 
copy)>] (/usr/share/texmf-texlive/tex/latex/listings/lstlang1.sty
File: lstlang1.sty 2004/09/05 1.3 listings language file
)
(/usr/share/texmf-texlive/tex/latex/ucs/utf8x.def
File: utf8x.def 2004/10/17 UCS: Input encoding UTF-8
)
File: bilder/fzk2.png Graphic file (type png)
 <use bilder/fzk2.png>
Overfull \vbox (1.68883pt too high) has occurred while \output is active []


[25] <bilder/hs-states.png, id=697, 762.85pt x 216.81pt>
File: bilder/hs-states.png Graphic file (type png)

<use bilder/hs-states.png>
File: bilder/fzk2.png Graphic file (type png)
 <use bilder/fzk2.png>
Overfull \vbox (1.68883pt too high) has occurred while \output is active []


[26 <./bilder/hs-states.png>]
Overfull \hbox (58.05164pt too wide) in paragraph at lines 178--179
[]\T1/aer/m/n/12 Hierarchie []$\T1/aett/m/n/12 http : / / nagios . sourceforge 
. net / docs / 3 _ 0 / networkreachability .
 []

) (./tex/services.tex
<bilder/nagios-kern.png, id=711, 860.21375pt x 595.22375pt>
File: bilder/nagios-kern.png Graphic file (type png)

<use bilder/nagios-kern.png>
<bilder/check-http.png, id=716, 638.385pt x 29.10875pt>
File: bilder/check-http.png Graphic file (type png)

<use bilder/check-http.png>
File: bilder/fzk2.png Graphic file (type png)
 <use bilder/fzk2.png>
Overfull \vbox (1.68883pt too high) has occurred while \output is active []


[27]
File: bilder/fzk2.png Graphic file (type png)
 <use bilder/fzk2.png>
Overfull \vbox (1.68883pt too high) has occurred while \output is active []


[28 <./bilder/nagios-kern.png> <./bilder/check-http.png (PNG copy)>]
<bilder/check_by_ssh.png, id=737, 718.685pt x 28.105pt>
File: bilder/check_by_ssh.png Graphic file (type png)

<use bilder/check_by_ssh.png>
<bilder/nrpe.png, id=739, 665.6983pt x 164.89775pt>
File: bilder/nrpe.png Graphic file (type png)
 <use bilder/nrpe.png>
Overfull \hbox (27.42967pt too wide) in paragraph at lines 74--76
[]\T1/aer/m/n/12 Der Na-gi-os Ser-ver kann dann An-for-de-run-gen über das Nagi
os-Plugin ^^R\T1/aett/m/n/12 check_nrpe\T1/aer/m/n/12 ^^P
 []


Overfull \hbox (13.58977pt too wide) in paragraph at lines 74--76
\T1/aer/m/n/12 an den Cli-ent ver-schi-cken. Ein Auf-ruf die-ses Plug-ins ist d
em des ^^R\T1/aett/m/n/12 check_by_ssh\T1/aer/m/n/12 ^^P
 []

File: bilder/fzk2.png Graphic file (type png)
<use bilder/fzk2.png>
Overfull \vbox (1.68883pt too high) has occurred while \output is active []


[29 <./bilder/check_by_ssh.png (PNG copy)> <./bilder/nrpe.png (PNG copy)>]
Overfull \hbox (21.68184pt too wide) in paragraph at lines 89--89
\T1/aer/m/n/12 nut-zen, um lo-ka-le Res-sour-cen wie Pro-zes-se, Fest-plat-ten 
oder Interface-
 []

File: bilder/fzk2.png Graphic file (type png)
<use bilder/fzk2.png>
Overfull \vbox (1.68883pt too high) has occurred while \output is active []


[30] <bilder/mib.png, id=776, 310.2792pt x 151.767pt>
File: bilder/mib.png Graphic file (type png)
 <use bilder/mib.png>
File: bilder/fzk2.png Graphic file (type png)

<use bilder/fzk2.png>
Overfull \vbox (1.68883pt too high) has occurred while \output is active []


[31 <./bilder/mib.png>] <bilder/nsca.png, id=799, 645.41125pt x 202.7575pt>
File: bilder/nsca.png Graphic file (type png)

<use bilder/nsca.png>
File: bilder/fzk2.png Graphic file (type png)
 <use bilder/fzk2.png>
Overfull \vbox (1.68883pt too high) has occurred while \output is active []


[32 <./bilder/nsca.png (PNG copy)>]
Overfull \hbox (2.25175pt too wide) in paragraph at lines 156--156
[]\T1/aer/bx/n/14.4 Überwachungslogik (mit Alar-mie-rung/-Be-nach-rich-
 []

)
File: bilder/fzk2.png Graphic file (type png)
 <use bilder/fzk2.png>
Overfull \vbox (1.68883pt too high) has occurred while \output is active []


[33])
File: bilder/fzk2.png Graphic file (type png)
 <use bilder/fzk2.png>
Overfull \vbox (1.68883pt too high) has occurred while \output is active []


[34] (./tex/stellent.tex
<bilder/basic_architecture.png, id=826, 513.92pt x 760.8425pt>
File: bilder/basic_architecture.png Graphic file (type png)

<use bilder/basic_architecture.png>
Overfull \hbox (137.27759pt too wide) in paragraph at lines 22--22
[][][]\T1/aer/m/n/10 Quelle: []$\T1/aett/m/n/10 http : / / www . club-[]oracle 
. com / forums / oracle-[]universal-[]content-[]management-[]ucm-[]aka-[]stelle
nt-[]t146/$[]| 
 []

File: bilder/fzk2.png Graphic file (type png)
<use bilder/fzk2.png>
Overfull \vbox (1.68883pt too high) has occurred while \output is active []


[35 <./bilder/basic_architecture.png (PNG copy)>]
<bilder/bdb.png, id=843, 1096.095pt x 683.55376pt>
File: bilder/bdb.png Graphic file (type png)
 <use bilder/bdb.png>
File: bilder/fzk2.png Graphic file (type png)

<use bilder/fzk2.png>
Overfull \vbox (1.68883pt too high) has occurred while \output is active []


[36]
Overfull \hbox (1.49574pt too wide) in paragraph at lines 83--84
[]\T1/aer/bx/n/12 Festplattenspeicherausnutzung \T1/aer/m/n/12 Über-wacht die S
pei-cher-platzaus-las-
 []

File: bilder/fzk2.png Graphic file (type png)
<use bilder/fzk2.png>
Overfull \vbox (1.68883pt too high) has occurred while \output is active []


[37 <./bilder/bdb.png>]
Overfull \hbox (15.20657pt too wide) in paragraph at lines 97--98
[]\T1/aer/bx/n/12 IdcContentService??? \T1/aer/m/n/12 Den Zu-stand des ^^RConte
nt-Dienstes^^P-^^R\T1/aett/m/n/12 sccdms01\T1/aer/m/n/12 ^^P
 []

File: bilder/fzk2.png Graphic file (type png)
<use bilder/fzk2.png>
Overfull \vbox (1.68883pt too high) has occurred while \output is active []


[38]
File: bilder/fzk2.png Graphic file (type png)
 <use bilder/fzk2.png>
Overfull \vbox (1.68883pt too high) has occurred while \output is active []


[39]
File: bilder/fzk2.png Graphic file (type png)
 <use bilder/fzk2.png>
Overfull \vbox (1.68883pt too high) has occurred while \output is active []


[40] <bilder/pyramide_fertig2.png, id=876, 333.8874pt x 272.6988pt>
File: bilder/pyramide_fertig2.png Graphic file (type png)

<use bilder/pyramide_fertig2.png>
Overfull \hbox (17.87161pt too wide) in paragraph at lines 173--174
 [][] 
 []

File: bilder/fzk2.png Graphic file (type png)
<use bilder/fzk2.png>
Overfull \vbox (1.68883pt too high) has occurred while \output is active []


[41])
File: bilder/fzk2.png Graphic file (type png)
 <use bilder/fzk2.png>
Overfull \vbox (1.68883pt too high) has occurred while \output is active []


[42 <./bilder/pyramide_fertig2.png>] (./tex/umsetzung.tex
File: bilder/fzk2.png Graphic file (type png)

<use bilder/fzk2.png>
Overfull \vbox (1.68883pt too high) has occurred while \output is active []


[43] (./tex/tab-unixagents.tex)
File: bilder/fzk2.png Graphic file (type png)
 <use bilder/fzk2.png>
Overfull \vbox (1.68883pt too high) has occurred while \output is active []


[44]
File: bilder/fzk2.png Graphic file (type png)
 <use bilder/fzk2.png>
Overfull \vbox (1.68883pt too high) has occurred while \output is active []


[45] (./tex/tab-winagents.tex
Overfull \hbox (3.94008pt too wide) in paragraph at lines 7--7
[][]| 
 []


Overfull \hbox (25.53879pt too wide) in paragraph at lines 7--8
[][]| 
 []

)
File: bilder/fzk2.png Graphic file (type png)
 <use bilder/fzk2.png>
Overfull \vbox (1.68883pt too high) has occurred while \output is active []


[46] <bilder/monitoring-windows.png, id=943, 438.63875pt x 152.57pt>
File: bilder/monitoring-windows.png Graphic file (type png)

<use bilder/monitoring-windows.png>
<bilder/check_nt-stdp.png, id=944, 604.2575pt x 27.10126pt>
File: bilder/check_nt-stdp.png Graphic file (type png)

<use bilder/check_nt-stdp.png>
File: bilder/fzk2.png Graphic file (type png)
 <use bilder/fzk2.png>
Overfull \vbox (1.68883pt too high) has occurred while \output is active []


[47 <./bilder/monitoring-windows.png> <./bilder/check_nt-stdp.png>]
<bilder/nsc1.png, id=957, 500.87125pt x 386.44376pt>
File: bilder/nsc1.png Graphic file (type png)
 <use bilder/nsc1.png>
<bilder/nsc2.png, id=958, 500.87125pt x 386.44376pt>
File: bilder/nsc2.png Graphic file (type png)
 <use bilder/nsc2.png>
Overfull \hbox (7.97778pt too wide) in paragraph at lines 125--127
\T1/aer/m/n/12 den NSClient- und [][]NR-PE[]-Dienst kön-nen die Standard-Nagios
-Plugins \T1/aer/m/it/12 check_nt
 []

<bilder/nagios-active-nsclient-and-nrpe.png, id=962, 379.4175pt x 186.6975pt>
File: bilder/nagios-active-nsclient-and-nrpe.png Graphic file (type png)

<use bilder/nagios-active-nsclient-and-nrpe.png>
File: bilder/fzk2.png Graphic file (type png)
 <use bilder/fzk2.png>
Overfull \vbox (1.68883pt too high) has occurred while \output is active []


[48] (/usr/share/texmf-texlive/tex/latex/ucs/utf8x.def
File: utf8x.def 2004/10/17 UCS: Input encoding UTF-8
)
File: bilder/fzk2.png Graphic file (type png)
 <use bilder/fzk2.png>
Overfull \vbox (1.68883pt too high) has occurred while \output is active []


[49 <./bilder/nsc1.png>]
Overfull \hbox (1.63155pt too wide) in paragraph at lines 178--179
[]\T1/aer/m/n/12 Die De-fi-ni-tio-nen der [][]NR-PE[]-Kommandos die-nen da-für,
 dass durch den Nagios-
 []

File: bilder/fzk2.png Graphic file (type png)
<use bilder/fzk2.png>
Overfull \vbox (1.68883pt too high) has occurred while \output is active []


[50 <./bilder/nsc2.png>]
<bilder/nrpe-check.png, id=1011, 666.49pt x 27.10126pt>
File: bilder/nrpe-check.png Graphic file (type png)

<use bilder/nrpe-check.png>
<bilder/nsclient-check.png, id=1013, 687.56876pt x 27.10126pt>
File: bilder/nsclient-check.png Graphic file (type png)

<use bilder/nsclient-check.png>
(/usr/share/texmf-texlive/tex/latex/ucs/utf8x.def
File: utf8x.def 2004/10/17 UCS: Input encoding UTF-8
)
File: bilder/fzk2.png Graphic file (type png)
 <use bilder/fzk2.png>
Overfull \vbox (1.68883pt too high) has occurred while \output is active []


[51 <./bilder/nagios-active-nsclient-and-nrpe.png> <./bilder/nrpe-check.png> <.
/bilder/nsclient-check.png>] (/usr/share/texmf-texlive/tex/latex/ucs/utf8x.def
File: utf8x.def 2004/10/17 UCS: Input encoding UTF-8
) (/usr/share/texmf-texlive/tex/latex/ucs/utf8x.def
File: utf8x.def 2004/10/17 UCS: Input encoding UTF-8
)
Overfull \hbox (11.24226pt too wide) in paragraph at lines 238--240
\T1/aer/m/n/12 Die in Ka-pi-tel []7.1[] auf-ge-lis-ten Pro-zes-se und Ser-vices
 kön-nen durch den NSClient-
 []

(/usr/share/texmf-texlive/tex/latex/ucs/utf8x.def
File: utf8x.def 2004/10/17 UCS: Input encoding UTF-8
)
File: bilder/fzk2.png Graphic file (type png)
 <use bilder/fzk2.png>
Overfull \vbox (1.68883pt too high) has occurred while \output is active []


[52] <bilder/servproc.png, id=1065, 584.1825pt x 29.10875pt>
File: bilder/servproc.png Graphic file (type png)

<use bilder/servproc.png>
Overfull \hbox (18.04457pt too wide) in paragraph at lines 293--294
[][]$\T1/aett/m/n/12 http : / / www . w3schools . com / soap / default . asp$[]
 \T1/aer/m/n/12 Web Ser-vices und SOAP 
 []

<bilder/wsdl.png, id=1068, 511.511pt x 273.02pt>
File: bilder/wsdl.png Graphic file (type png)
 <use bilder/wsdl.png>
<bilder/wsdl-valid.png, id=1069, 1149.29375pt x 715.67375pt>
File: bilder/wsdl-valid.png Graphic file (type png)

<use bilder/wsdl-valid.png>
<bilder/Benutzersimulation.png, id=1070, 630.355pt x 472.76625pt>
File: bilder/Benutzersimulation.png Graphic file (type png)

<use bilder/Benutzersimulation.png>)
File: bilder/fzk2.png Graphic file (type png)
 <use bilder/fzk2.png>
Overfull \vbox (1.68883pt too high) has occurred while \output is active []


[53 <./bilder/servproc.png>] (./tex/ergebnis.tex
<bilder/demo.png, id=1077, 835.12pt x 687.56876pt>
File: bilder/demo.png Graphic file (type png)
 <use bilder/demo.png>)
File: bilder/fzk2.png Graphic file (type png)

<use bilder/fzk2.png>
Overfull \vbox (1.68883pt too high) has occurred while \output is active []


[54 <./bilder/wsdl.png>] (./tex/ausblick.tex)
File: bilder/fzk2.png Graphic file (type png)
 <use bilder/fzk2.png>
Overfull \vbox (1.68883pt too high) has occurred while \output is active []


[55 <./bilder/wsdl-valid.png>] (./bach.lof
File: bilder/fzk2.png Graphic file (type png)
 <use bilder/fzk2.png>
Overfull \vbox (1.68883pt too high) has occurred while \output is active []


[56 <./bilder/Benutzersimulation.png>]
File: bilder/fzk2.png Graphic file (type png)
 <use bilder/fzk2.png>
Overfull \vbox (1.68883pt too high) has occurred while \output is active []


[57 <./bilder/demo.png (PNG copy)>])
\tf@lof=\write9
\openout9 = `bach.lof'.

File: bilder/fzk2.png Graphic file (type png)
 <use bilder/fzk2.png>
Overfull \vbox (1.68883pt too high) has occurred while \output is active []


[58] (./bach.lol)
\tf@lol=\write10
\openout10 = `bach.lol'.

File: bilder/fzk2.png Graphic file (type png)
 <use bilder/fzk2.png>
Overfull \vbox (1.68883pt too high) has occurred while \output is active []


[59]
Underfull \hbox (badness 10000) in paragraph at lines 135--139
[]\T1/aer/m/n/12 Götzer; Schma-le; Mai-er; Kom-ke (2008) ^^RDokumenten-
 []


Underfull \hbox (badness 1661) in paragraph at lines 140--143
[]\T1/aer/m/n/12 Wolfgang Barth (2008) ^^RNa-gi-os - System- und Netzwerk-
 []


Underfull \hbox (badness 10000) in paragraph at lines 152--154

 []

File: bilder/fzk2.png Graphic file (type png)
<use bilder/fzk2.png>
Overfull \vbox (1.68883pt too high) has occurred while \output is active []


[60]
File: bilder/fzk2.png Graphic file (type png)
 <use bilder/fzk2.png>
Overfull \vbox (1.68883pt too high) has occurred while \output is active []


[61]
Underfull \hbox (badness 10000) in paragraph at lines 160--161
\T1/aer/m/n/12 Quelle: []$\T1/aett/m/n/12 http : / / download-[]west . oracle .
 com / docs / cd /
 []


Underfull \hbox (badness 10000) in paragraph at lines 160--161
\T1/aett/m/n/12 E10316 _ 01 / cs / cs _ doc _ 10 / documentation / integrator /

 []


Underfull \hbox (badness 10000) in paragraph at lines 162--163
\T1/aer/m/n/12 Quelle: []$\T1/aett/m/n/12 http : / / www . oracle . com / techn
ology / products /
 []


Underfull \hbox (badness 10000) in paragraph at lines 164--165
\T1/aer/m/n/12 Quelle: []$\T1/aett/m/n/12 http : / / www . oracle . com / corpo
rate / press / 2006 _
 []


Underfull \hbox (badness 10000) in paragraph at lines 168--169
\T1/aer/m/n/12 Quelle: []$\T1/aett/m/n/12 http : / / support . nagios . com / k
nowledgebase /
 []


Underfull \hbox (badness 10000) in paragraph at lines 168--169
\T1/aett/m/n/12 faqs / index . php ? option = com _ content&view = article&id =

 []

File: bilder/fzk2.png Graphic file (type png)
<use bilder/fzk2.png>
Overfull \vbox (1.68883pt too high) has occurred while \output is active []


[62] (./bach.gls
Underfull \hbox (badness 10000) in paragraph at lines 10--11
[]|[]\T1/aer/m/n/12 9[], []11[],
 []


Underfull \hbox (badness 7796) in paragraph at lines 16--17
[]|[]\T1/aer/m/n/12 7[], []10[]--
 []


Underfull \hbox (badness 1776) in paragraph at lines 58--59
[]|[]\T1/aer/m/n/12 29[], []30[],
 []


Underfull \hbox (badness 1776) in paragraph at lines 58--59
[]\T1/aer/m/n/12 45[], []47[],
 []


Underfull \hbox (badness 1776) in paragraph at lines 76--77
[]|[]\T1/aer/m/n/12 30[], []31[],
 []


Underfull \hbox (badness 10000) in paragraph at lines 79--80
[]|[]\T1/aer/m/n/12 16[]--[]18[],
 []


Underfull \hbox (badness 1776) in paragraph at lines 84--85
[]|[]\T1/aer/m/n/12 29[], []30[],
 []

File: bilder/fzk2.png Graphic file (type png)
<use bilder/fzk2.png>
Overfull \vbox (1.68883pt too high) has occurred while \output is active []


[63]
File: bilder/fzk2.png Graphic file (type png)
 <use bilder/fzk2.png>
Overfull \vbox (1.68883pt too high) has occurred while \output is active []


[64])
File: bilder/fzk2.png Graphic file (type png)
 <use bilder/fzk2.png>
Overfull \vbox (1.68883pt too high) has occurred while \output is active []


[65] (./bach.aux)

LaTeX Warning: There were multiply-defined labels.

 ) 
Here is how much of TeX's memory you used:
 11291 strings out of 94074
 155362 string characters out of 1165153
 272085 words of memory out of 1500000
 13841 multiletter control sequences out of 10000+50000
 41062 words of font info for 91 fonts, out of 1200000 for 2000
 645 hyphenation exceptions out of 8191
 48i,17n,93p,1128b,1573s stack positions out of 5000i,500n,6000p,200000b,5000s
pdfTeX warning (dest): name{Hfootnote.29} has been referenced but does not ex
ist, replaced by a fixed one

pdfTeX warning (dest): name{Hfootnote.30} has been referenced but does not exis
t, replaced by a fixed one

pdfTeX warning (dest): name{Hfootnote.28} has been referenced but does not exis
t, replaced by a fixed one

pdfTeX warning (dest): name{Hfootnote.27} has been referenced but does not exis
t, replaced by a fixed one

pdfTeX warning (dest): name{Hfootnote.26} has been referenced but does not exis
t, replaced by a fixed one

pdfTeX warning (dest): name{Hfootnote.25} has been referenced but does not exis
t, replaced by a fixed one

pdfTeX warning (dest): name{Hfootnote.24} has been referenced but does not exis
t, replaced by a fixed one

pdfTeX warning (dest): name{Hfootnote.23} has been referenced but does not exis
t, replaced by a fixed one

pdfTeX warning (dest): name{Hfootnote.22} has been referenced but does not exis
t, replaced by a fixed one

pdfTeX warning (dest): name{Hfootnote.21} has been referenced but does not exis
t, replaced by a fixed one

pdfTeX warning (dest): name{Hfootnote.20} has been referenced but does not exis
t, replaced by a fixed one

pdfTeX warning (dest): name{Hfootnote.19} has been referenced but does not exis
t, replaced by a fixed one

pdfTeX warning (dest): name{Hfootnote.18} has been referenced but does not exis
t, replaced by a fixed one

pdfTeX warning (dest): name{Hfootnote.17} has been referenced but does not exis
t, replaced by a fixed one

pdfTeX warning (dest): name{Hfootnote.16} has been referenced but does not exis
t, replaced by a fixed one

pdfTeX warning (dest): name{Hfootnote.15} has been referenced but does not exis
t, replaced by a fixed one

pdfTeX warning (dest): name{Hfootnote.14} has been referenced but does not exis
t, replaced by a fixed one

pdfTeX warning (dest): name{Hfootnote.13} has been referenced but does not exis
t, replaced by a fixed one

pdfTeX warning (dest): name{Hfootnote.12} has been referenced but does not exis
t, replaced by a fixed one

pdfTeX warning (dest): name{Hfootnote.11} has been referenced but does not exis
t, replaced by a fixed one

pdfTeX warning (dest): name{Hfootnote.10} has been referenced but does not exis
t, replaced by a fixed one

pdfTeX warning (dest): name{Hfootnote.9} has been referenced but does not exist
, replaced by a fixed one

pdfTeX warning (dest): name{Hfootnote.8} has been referenced but does not exist
, replaced by a fixed one

pdfTeX warning (dest): name{Hfootnote.6} has been referenced but does not exist
, replaced by a fixed one

pdfTeX warning (dest): name{Hfootnote.5} has been referenced but does not exist
, replaced by a fixed one

pdfTeX warning (dest): name{Hfootnote.4} has been referenced but does not exist
, replaced by a fixed one

pdfTeX warning (dest): name{Hfootnote.3} has been referenced but does not exist
, replaced by a fixed one

pdfTeX warning (dest): name{Hfootnote.2} has been referenced but does not exist
, replaced by a fixed one

pdfTeX warning (dest): name{Hfootnote.1} has been referenced but does not exist
, replaced by a fixed one

</usr/share/texmf-texlive/fonts/type1/bluesky/cm/cmbx12.pfb></usr/share/texmf-t
exlive/fonts/type1/bluesky/cm/cmmi12.pfb></usr/share/texmf-texlive/fonts/type1/
bluesky/cm/cmr10.pfb></usr/share/texmf-texlive/fonts/type1/bluesky/cm/cmr12.pfb
></usr/share/texmf-texlive/fonts/type1/bluesky/cm/cmr7.pfb></usr/share/texmf-te
xlive/fonts/type1/bluesky/cm/cmr8.pfb></usr/share/texmf-texlive/fonts/type1/blu
esky/cm/cmsl12.pfb></usr/share/texmf-texlive/fonts/type1/bluesky/cm/cmsy10.pfb>
</usr/share/texmf-texlive/fonts/type1/bluesky/cm/cmti12.pfb></usr/share/texmf-t
exlive/fonts/type1/bluesky/cm/cmtt10.pfb></usr/share/texmf-texlive/fonts/type1/
bluesky/cm/cmtt12.pfb></usr/share/texmf-texlive/fonts/type1/bluesky/cm/cmtt8.pf
b></usr/share/texmf-texlive/fonts/type1/bluesky/ams/msam10.pfb>
Output written on bach.pdf (70 pages, 2285825 bytes).
PDF statistics:
 1378 PDF objects out of 1440 (max. 8388607)
 366 named destinations out of 1000 (max. 131072)
 665 words of extra memory for PDF output out of 10000 (max. 10000000)

