\BOOKMARK [1][-]{section.1}{Einleitung}{}
\BOOKMARK [1][-]{section.2}{Abstract}{}
\BOOKMARK [1][-]{section.3}{Aufgabenstellung}{}
\BOOKMARK [1][-]{section.4}{Grundlagen}{}
\BOOKMARK [2][-]{subsection.4.1}{Dokumenten-Management-System}{section.4}
\BOOKMARK [3][-]{subsubsection.4.1.1}{Content-Management-System}{subsection.4.1}
\BOOKMARK [3][-]{subsubsection.4.1.2}{ECM}{subsection.4.1}
\BOOKMARK [2][-]{subsection.4.2}{Nagios}{section.4}
\BOOKMARK [3][-]{subsubsection.4.2.1}{Aufbau \(von Nagios\)}{subsection.4.2}
\BOOKMARK [3][-]{subsubsection.4.2.2}{Service Checks und deren / ihre Realisierung / Ausf\374hrung / \(\334berpr\374fungs\)Methoden}{subsection.4.2}
\BOOKMARK [3][-]{subsubsection.4.2.3}{Konfigurationsdateien?}{subsection.4.2}
\BOOKMARK [3][-]{subsubsection.4.2.4}{Plugins}{subsection.4.2}
\BOOKMARK [3][-]{subsubsection.4.2.5}{\(Windows\) Agenten oder allgemein Einholen von Infos}{subsection.4.2}
\BOOKMARK [2][-]{subsection.4.3}{Stellent/Oracle UCM}{section.4}
\BOOKMARK [2][-]{subsection.4.4}{\334berwachungselemente}{section.4}
\BOOKMARK [3][-]{subsubsection.4.4.1}{Statusabfragen}{subsection.4.4}
\BOOKMARK [3][-]{subsubsection.4.4.2}{\334berwachung der Funktionalit\344t}{subsection.4.4}
\BOOKMARK [3][-]{subsubsection.4.4.3}{Auswerten von Logdateien}{subsection.4.4}
\BOOKMARK [1][-]{section.5}{Abbildungsverzeichnis}{}
\BOOKMARK [1][-]{section.6}{Codelistingverzeichnis}{}
\BOOKMARK [1][-]{section.7}{Literaturverzeichnis}{}
\BOOKMARK [1][-]{section.8}{Glossar}{}
