\BOOKMARK [1][-]{section.1}{Einleitung}{}
\BOOKMARK [1][-]{section.2}{Abstract}{}
\BOOKMARK [1][-]{section.3}{Aufgabenstellung}{}
\BOOKMARK [1][-]{section.4}{Grundlagen}{}
\BOOKMARK [2][-]{subsection.4.1}{Dokumenten-Management-Systeme}{section.4}
\BOOKMARK [2][-]{subsection.4.2}{Content-Management-Systeme}{section.4}
\BOOKMARK [2][-]{subsection.4.3}{Enterprise-Content-Management-Systeme - optional}{section.4}
\BOOKMARK [2][-]{subsection.4.4}{Universal-Content-Management-Systeme}{section.4}
\BOOKMARK [2][-]{subsection.4.5}{cronjobs}{section.4}
\BOOKMARK [2][-]{subsection.4.6}{Farbraum}{section.4}
\BOOKMARK [2][-]{subsection.4.7}{ds - ADS Benutzer}{section.4}
\BOOKMARK [2][-]{subsection.4.8}{Metadaten allg}{section.4}
\BOOKMARK [2][-]{subsection.4.9}{alse+-true+-}{section.4}
\BOOKMARK [2][-]{subsection.4.10}{evtl Oracle DB}{section.4}
\BOOKMARK [1][-]{section.5}{Nagios}{}
\BOOKMARK [2][-]{subsection.5.1}{Aufbau / Architektur}{section.5}
\BOOKMARK [2][-]{subsection.5.2}{Service Checks und deren / ihre Realisierung / Ausf\374hrung / \(\334berpr\374fungs\)Methoden}{section.5}
\BOOKMARK [2][-]{subsection.5.3}{Konfigurationsdateien?}{section.5}
\BOOKMARK [2][-]{subsection.5.4}{Plugins}{section.5}
\BOOKMARK [2][-]{subsection.5.5}{\(Windows\) Agenten oder allgemein Einholen von Infos}{section.5}
\BOOKMARK [1][-]{section.6}{Oracle UCM}{}
\BOOKMARK [2][-]{subsection.6.1}{Aufbau / Architektur}{section.6}
\BOOKMARK [3][-]{subsubsection.6.1.1}{Content Server}{subsection.6.1}
\BOOKMARK [3][-]{subsubsection.6.1.2}{Vault und Web Layout}{subsection.6.1}
\BOOKMARK [3][-]{subsubsection.6.1.3}{Inbound Refinery}{subsection.6.1}
\BOOKMARK [3][-]{subsubsection.6.1.4}{Search Engine}{subsection.6.1}
\BOOKMARK [3][-]{subsubsection.6.1.5}{Webserver}{subsection.6.1}
\BOOKMARK [2][-]{subsection.6.2}{\334berwachungselemente}{section.6}
\BOOKMARK [3][-]{subsubsection.6.2.1}{Statusabfragen}{subsection.6.2}
\BOOKMARK [3][-]{subsubsection.6.2.2}{\334berwachung der Funktionalit\344t}{subsection.6.2}
\BOOKMARK [3][-]{subsubsection.6.2.3}{Auswerten von Logdateien}{subsection.6.2}
\BOOKMARK [1][-]{section.7}{Umsetzung}{}
\BOOKMARK [2][-]{subsection.7.1}{\334berpr\374fen der Prozesse und Services}{section.7}
\BOOKMARK [2][-]{subsection.7.2}{Einrichten des Windows Agenten}{section.7}
\BOOKMARK [1][-]{section.8}{Zusammenfassung und Ausblick}{}
\BOOKMARK [1][-]{section.9}{Anhang}{}
\BOOKMARK [2][-]{subsection.9.1}{Abbildungsverzeichnis}{section.9}
\BOOKMARK [2][-]{subsection.9.2}{Codelistingverzeichnis}{section.9}
\BOOKMARK [2][-]{subsection.9.3}{Quellverzeichnis}{section.9}
\BOOKMARK [3][-]{subsubsection.9.3.1}{Literaturverzeichnis}{subsection.9.3}
\BOOKMARK [3][-]{subsubsection.9.3.2}{Internetquellen}{subsection.9.3}
\BOOKMARK [2][-]{subsection.9.4}{Glossar}{section.9}
