This is pdfTeXk, Version 3.141592-1.40.3 (Web2C 7.5.6) (format=pdflatex 2009.1.26)  4 JUN 2009 15:27
entering extended mode
 %&-line parsing enabled.
**bach.tex
(./bach.tex
LaTeX2e <2005/12/01>
Babel <v3.8h> and hyphenation patterns for english, usenglishmax, dumylang, noh
yphenation, arabic, farsi, croatian, ukrainian, russian, bulgarian, czech, slov
ak, danish, dutch, finnish, basque, french, german, ngerman, ibycus, greek, mon
ogreek, ancientgreek, hungarian, italian, latin, mongolian, norsk, icelandic, i
nterlingua, turkish, coptic, romanian, welsh, serbian, slovenian, estonian, esp
eranto, uppersorbian, indonesian, polish, portuguese, spanish, catalan, galicia
n, swedish, ukenglish, pinyin, loaded.
(/usr/share/texmf-texlive/tex/latex/base/article.cls
Document Class: article 2005/09/16 v1.4f Standard LaTeX document class
(/usr/share/texmf-texlive/tex/latex/base/size12.clo
File: size12.clo 2005/09/16 v1.4f Standard LaTeX file (size option)
)
\c@part=\count79
\c@section=\count80
\c@subsection=\count81
\c@subsubsection=\count82
\c@paragraph=\count83
\c@subparagraph=\count84
\c@figure=\count85
\c@table=\count86
\abovecaptionskip=\skip41
\belowcaptionskip=\skip42
\bibindent=\dimen102
)
(/usr/share/texmf-texlive/tex/latex/base/inputenc.sty
Package: inputenc 2006/05/05 v1.1b Input encoding file
\inpenc@prehook=\toks14
\inpenc@posthook=\toks15

(/usr/share/texmf-texlive/tex/latex/ucs/utf8x.def
File: utf8x.def 2004/10/17 UCS: Input encoding UTF-8
))
(/usr/share/texmf-texlive/tex/latex/ucs/ucs.sty
Package: ucs 2004/10/17 UCS: Unicode input support

(/usr/share/texmf-texlive/tex/latex/ucs/data/uni-global.def
File: uni-global.def 2004/10/17 UCS: Unicode global data
)
\uc@secondtry=\count87
\uc@combtoks=\toks16
\uc@combtoksb=\toks17
\uc@temptokena=\toks18
)
(/usr/share/texmf-texlive/tex/latex/base/fontenc.sty
Package: fontenc 2005/09/27 v1.99g Standard LaTeX package

(/usr/share/texmf-texlive/tex/latex/base/t1enc.def
File: t1enc.def 2005/09/27 v1.99g Standard LaTeX file
LaTeX Font Info:    Redeclaring font encoding T1 on input line 43.
))
(/usr/share/texmf-texlive/tex/generic/babel/babel.sty
Package: babel 2005/11/23 v3.8h The Babel package

(/usr/share/texmf-texlive/tex/generic/babel/ngermanb.ldf
Language: ngermanb 2004/02/20 v2.6m new German support from the babel system

(/usr/share/texmf-texlive/tex/generic/babel/babel.def
File: babel.def 2005/11/23 v3.8h Babel common definitions
\babel@savecnt=\count88
\U@D=\dimen103
)
\l@naustrian = a dialect from \language\l@ngerman 
Package babel Info: Making " an active character on input line 92.
))
(/usr/share/texmf-texlive/tex/latex/graphics/graphicx.sty
Package: graphicx 1999/02/16 v1.0f Enhanced LaTeX Graphics (DPC,SPQR)

(/usr/share/texmf-texlive/tex/latex/graphics/keyval.sty
Package: keyval 1999/03/16 v1.13 key=value parser (DPC)
\KV@toks@=\toks19
)
(/usr/share/texmf-texlive/tex/latex/graphics/graphics.sty
Package: graphics 2006/02/20 v1.0o Standard LaTeX Graphics (DPC,SPQR)

(/usr/share/texmf-texlive/tex/latex/graphics/trig.sty
Package: trig 1999/03/16 v1.09 sin cos tan (DPC)
)
(/etc/texmf/tex/latex/config/graphics.cfg
File: graphics.cfg 2007/01/18 v1.5 graphics configuration of teTeX/TeXLive
)
Package graphics Info: Driver file: pdftex.def on input line 90.

(/usr/share/texmf-texlive/tex/latex/pdftex-def/pdftex.def
File: pdftex.def 2007/01/08 v0.04d Graphics/color for pdfTeX
\Gread@gobject=\count89
))
\Gin@req@height=\dimen104
\Gin@req@width=\dimen105
)
(/usr/share/texmf-texlive/tex/latex/koma-script/scrpage2.sty
Package: scrpage2 2006/03/29 v2.2c LaTeX2e KOMA-Script package
)
(/usr/share/texmf-texlive/tex/latex/subfigure/subfigure.sty
Package: subfigure 2002/03/15 v2.1.5 subfigure package
\subfigtopskip=\skip43
\subfigcapskip=\skip44
\subfigcaptopadj=\dimen106
\subfigbottomskip=\skip45
\subfigcapmargin=\dimen107
\subfiglabelskip=\skip46
\c@subfigure=\count90
\c@lofdepth=\count91
\c@subtable=\count92
\c@lotdepth=\count93

****************************************
* Local config file subfigure.cfg used *
****************************************
(/usr/share/texmf-texlive/tex/latex/subfigure/subfigure.cfg)
\subfig@top=\skip47
\subfig@bottom=\skip48
)
(/usr/share/texmf-texlive/tex/latex/ae/ae.sty
Package: ae 2001/02/12 1.3 Almost European Computer Modern

(/usr/share/texmf-texlive/tex/latex/base/fontenc.sty
Package: fontenc 2005/09/27 v1.99g Standard LaTeX package

(/usr/share/texmf-texlive/tex/latex/base/t1enc.def
File: t1enc.def 2005/09/27 v1.99g Standard LaTeX file
LaTeX Font Info:    Redeclaring font encoding T1 on input line 43.
)
LaTeX Font Info:    Try loading font information for T1+aer on input line 100.

(/usr/share/texmf-texlive/tex/latex/ae/t1aer.fd
File: t1aer.fd 1997/11/16 Font definitions for T1/aer.
)))
(/usr/share/texmf-texlive/tex/latex/amsmath/amsmath.sty
Package: amsmath 2000/07/18 v2.13 AMS math features
\@mathmargin=\skip49

For additional information on amsmath, use the `?' option.
(/usr/share/texmf-texlive/tex/latex/amsmath/amstext.sty
Package: amstext 2000/06/29 v2.01

(/usr/share/texmf-texlive/tex/latex/amsmath/amsgen.sty
File: amsgen.sty 1999/11/30 v2.0
\@emptytoks=\toks20
\ex@=\dimen108
))
(/usr/share/texmf-texlive/tex/latex/amsmath/amsbsy.sty
Package: amsbsy 1999/11/29 v1.2d
\pmbraise@=\dimen109
)
(/usr/share/texmf-texlive/tex/latex/amsmath/amsopn.sty
Package: amsopn 1999/12/14 v2.01 operator names
)
\inf@bad=\count94
LaTeX Info: Redefining \frac on input line 211.
\uproot@=\count95
\leftroot@=\count96
LaTeX Info: Redefining \overline on input line 307.
\classnum@=\count97
\DOTSCASE@=\count98
LaTeX Info: Redefining \ldots on input line 379.
LaTeX Info: Redefining \dots on input line 382.
LaTeX Info: Redefining \cdots on input line 467.
\Mathstrutbox@=\box26
\strutbox@=\box27
\big@size=\dimen110
LaTeX Font Info:    Redeclaring font encoding OML on input line 567.
LaTeX Font Info:    Redeclaring font encoding OMS on input line 568.
\macc@depth=\count99
\c@MaxMatrixCols=\count100
\dotsspace@=\muskip10
\c@parentequation=\count101
\dspbrk@lvl=\count102
\tag@help=\toks21
\row@=\count103
\column@=\count104
\maxfields@=\count105
\andhelp@=\toks22
\eqnshift@=\dimen111
\alignsep@=\dimen112
\tagshift@=\dimen113
\tagwidth@=\dimen114
\totwidth@=\dimen115
\lineht@=\dimen116
\@envbody=\toks23
\multlinegap=\skip50
\multlinetaggap=\skip51
\mathdisplay@stack=\toks24
LaTeX Info: Redefining \[ on input line 2666.
LaTeX Info: Redefining \] on input line 2667.
)
(/usr/share/texmf-texlive/tex/latex/amsfonts/amsfonts.sty
Package: amsfonts 2001/10/25 v2.2f
\symAMSa=\mathgroup4
\symAMSb=\mathgroup5
LaTeX Font Info:    Overwriting math alphabet `\mathfrak' in version `bold'
(Font)                  U/euf/m/n --> U/euf/b/n on input line 132.
)
(/usr/share/texmf-texlive/tex/latex/amsfonts/amssymb.sty
Package: amssymb 2002/01/22 v2.2d
)
(/usr/share/texmf-texlive/tex/latex/floatflt/floatflt.sty
Package: floatflt 1997/07/16 v. 1.31
\c@OptionTest=\count106
\figbox=\box28
\tabbox=\box29
\pagebox=\box30
\ffigcount=\count107
\ftabcount=\count108
\fftest=\count109
\hangcount=\count110
\nosuccesstryfig=\count111
\nosuccesstrytab=\count112
\figgutter=\dimen117
\tabgutter=\dimen118
\htdone=\dimen119
\pageht=\dimen120
\startpageht=\dimen121
\tabbredd=\dimen122
\floatfltwidth=\dimen123
\fltitemwidth=\dimen124
\outputpretest=\toks25
)
(/usr/share/texmf-texlive/tex/latex/pdfpages/pdfpages.sty
Package: pdfpages 2006/08/12 v0.4a Insert pages of external PDF documents (AM)

(/usr/share/texmf-texlive/tex/latex/base/ifthen.sty
Package: ifthen 2001/05/26 v1.1c Standard LaTeX ifthen package (DPC)
)
(/usr/share/texmf-texlive/tex/latex/tools/calc.sty
Package: calc 2005/08/06 v4.2 Infix arithmetic (KKT,FJ)
\calc@Acount=\count113
\calc@Bcount=\count114
\calc@Adimen=\dimen125
\calc@Bdimen=\dimen126
\calc@Askip=\skip52
\calc@Bskip=\skip53
LaTeX Info: Redefining \setlength on input line 75.
LaTeX Info: Redefining \addtolength on input line 76.
\calc@Ccount=\count115
\calc@Cskip=\skip54
)
(/usr/share/texmf-texlive/tex/latex/eso-pic/eso-pic.sty
Package: eso-pic 2006/07/14 v1.1d eso-pic (RN)

(/usr/share/texmf-texlive/tex/latex/everyshi/everyshi.sty
Package: everyshi 2001/05/15 v3.00 EveryShipout Package (MS)
))
(/usr/share/texmf-texlive/tex/latex/pdfpages/pppdftex.def
File: pppdftex.def 2006/08/12 v0.4a Pdfpages driver for pdfTeX (AM)
)
\AM@pagebox=\box31
\AM@toc@title=\toks26
\c@AM@survey=\count116
)
(/usr/share/texmf-texlive/tex/latex/listings/listings.sty
\lst@mode=\count117
\lst@gtempboxa=\box32
\lst@token=\toks27
\lst@length=\count118
\lst@currlwidth=\dimen127
\lst@column=\count119
\lst@pos=\count120
\lst@lostspace=\dimen128
\lst@width=\dimen129
\lst@newlines=\count121
\lst@lineno=\count122
\c@lstlisting=\count123
\lst@maxwidth=\dimen130

(/usr/share/texmf-texlive/tex/latex/listings/lstpatch.sty
File: lstpatch.sty 2004/10/17 1.3b (Carsten Heinz)
)
(/usr/share/texmf-texlive/tex/latex/listings/lstmisc.sty
File: lstmisc.sty 2004/09/07 1.3 (Carsten Heinz)
\c@lstnumber=\count124
\lst@skipnumbers=\count125
\lst@framebox=\box33
)
(/usr/share/texmf-texlive/tex/latex/listings/listings.cfg
File: listings.cfg 2004/09/05 1.3 listings configuration
))
Package: listings 2004/10/17 1.3b (Carsten Heinz)

(/usr/share/texmf-texlive/tex/latex/tools/verbatim.sty
Package: verbatim 2003/08/22 v1.5q LaTeX2e package for verbatim enhancements
\every@verbatim=\toks28
\verbatim@line=\toks29
\verbatim@in@stream=\read1
)
(/usr/share/texmf-texlive/tex/latex/blindtext/blindtext.sty
Package: blindtext 2006/11/21 V1.7 blindtext-Package

(/usr/share/texmf-texlive/tex/latex/tools/xspace.sty
Package: xspace 2006/05/08 v1.12 Space after command names (DPC,MH)
)
\c@blindtext=\count126
\c@Blindtext=\count127
\blind@countxx=\count128
\blindtext@numBlindtext=\count129
\blind@countyy=\count130
\c@blindlist=\count131
\c@blindlistlevel=\count132
\c@blindlist@level=\count133
\blind@listitem=\count134
\c@blind@listcount=\count135
\c@blind@levelcount=\count136
)
(/usr/share/texmf/tex/latex/xcolor/xcolor.sty
Package: xcolor 2007/01/21 v2.11 LaTeX color extensions (UK)

(/etc/texmf/tex/latex/config/color.cfg
File: color.cfg 2007/01/18 v1.5 color configuration of teTeX/TeXLive
)
Package xcolor Info: Driver file: pdftex.def on input line 225.
Package xcolor Info: Model `cmy' substituted by `cmy0' on input line 1337.
Package xcolor Info: Model `hsb' substituted by `rgb' on input line 1341.
Package xcolor Info: Model `RGB' extended on input line 1353.
Package xcolor Info: Model `HTML' substituted by `rgb' on input line 1355.
Package xcolor Info: Model `Hsb' substituted by `hsb' on input line 1356.
Package xcolor Info: Model `tHsb' substituted by `hsb' on input line 1357.
Package xcolor Info: Model `HSB' substituted by `hsb' on input line 1358.
Package xcolor Info: Model `Gray' substituted by `gray' on input line 1359.
Package xcolor Info: Model `wave' substituted by `hsb' on input line 1360.
)
(/usr/share/texmf-texlive/tex/latex/hyperref/hyperref.sty
Package: hyperref 2007/02/07 v6.75r Hypertext links for LaTeX
\@linkdim=\dimen131
\Hy@linkcounter=\count137
\Hy@pagecounter=\count138

(/usr/share/texmf-texlive/tex/latex/hyperref/pd1enc.def
File: pd1enc.def 2007/02/07 v6.75r Hyperref: PDFDocEncoding definition (HO)
)
(/etc/texmf/tex/latex/config/hyperref.cfg
File: hyperref.cfg 2002/06/06 v1.2 hyperref configuration of TeXLive
)
(/usr/share/texmf-texlive/tex/latex/oberdiek/kvoptions.sty
Package: kvoptions 2006/08/22 v2.4 Connects package keyval with LaTeX options (
HO)
)
Package hyperref Info: Hyper figures OFF on input line 2288.
Package hyperref Info: Link nesting OFF on input line 2293.
Package hyperref Info: Hyper index ON on input line 2296.
Package hyperref Info: Plain pages OFF on input line 2303.
Package hyperref Info: Backreferencing OFF on input line 2308.

Implicit mode ON; LaTeX internals redefined
Package hyperref Info: Bookmarks ON on input line 2444.
(/usr/share/texmf-texlive/tex/latex/ltxmisc/url.sty
\Urlmuskip=\muskip11
Package: url 2005/06/27  ver 3.2  Verb mode for urls, etc.
)
LaTeX Info: Redefining \url on input line 2599.
\Fld@menulength=\count139
\Field@Width=\dimen132
\Fld@charsize=\dimen133
\Choice@toks=\toks30
\Field@toks=\toks31
Package hyperref Info: Hyper figures OFF on input line 3102.
Package hyperref Info: Link nesting OFF on input line 3107.
Package hyperref Info: Hyper index ON on input line 3110.
Package hyperref Info: backreferencing OFF on input line 3117.
Package hyperref Info: Link coloring OFF on input line 3122.
\Hy@abspage=\count140
\c@Item=\count141
\c@Hfootnote=\count142
)
*hyperref using default driver hpdftex*
(/usr/share/texmf-texlive/tex/latex/hyperref/hpdftex.def
File: hpdftex.def 2007/02/07 v6.75r Hyperref driver for pdfTeX
\Fld@listcount=\count143
)
(/usr/share/texmf-texlive/tex/latex/footmisc/footmisc.sty
Package: footmisc 2005/03/17 v5.3d a miscellany of footnote facilities
\FN@temptoken=\toks32
\footnotemargin=\dimen134


LaTeX Warning: Command \@makecol  has changed.
               Check if current package is valid.


LaTeX Warning: Command \@footnotetext  has changed.
               Check if current package is valid.

\c@pp@next@reset=\count144
Package footmisc Info: Declaring symbol style bringhurst on input line 817.
Package footmisc Info: Declaring symbol style chicago on input line 818.
Package footmisc Info: Declaring symbol style wiley on input line 819.
Package footmisc Info: Declaring symbol style lamport-robust on input line 823.

Package footmisc Info: Declaring symbol style lamport* on input line 831.
Package footmisc Info: Declaring symbol style lamport*-robust on input line 840
.
) (./bach.aux)
\openout1 = `bach.aux'.

LaTeX Font Info:    Checking defaults for OML/cmm/m/it on input line 93.
LaTeX Font Info:    ... okay on input line 93.
LaTeX Font Info:    Checking defaults for T1/cmr/m/n on input line 93.
LaTeX Font Info:    ... okay on input line 93.
LaTeX Font Info:    Checking defaults for OT1/cmr/m/n on input line 93.
LaTeX Font Info:    ... okay on input line 93.
LaTeX Font Info:    Checking defaults for OMS/cmsy/m/n on input line 93.
LaTeX Font Info:    ... okay on input line 93.
LaTeX Font Info:    Checking defaults for OMX/cmex/m/n on input line 93.
LaTeX Font Info:    ... okay on input line 93.
LaTeX Font Info:    Checking defaults for U/cmr/m/n on input line 93.
LaTeX Font Info:    ... okay on input line 93.
LaTeX Font Info:    Checking defaults for PD1/pdf/m/n on input line 93.
LaTeX Font Info:    ... okay on input line 93.
 (/usr/share/texmf-texlive/tex/latex/ucs/ucsencs.def
File: ucsencs.def 2003/11/29 Fixes to fontencodings LGR, T3
)
(/usr/share/texmf/tex/context/base/supp-pdf.tex
[Loading MPS to PDF converter (version 2006.09.02).]
\scratchcounter=\count145
\scratchdimen=\dimen135
\scratchbox=\box34
\nofMPsegments=\count146
\nofMParguments=\count147
\everyMPshowfont=\toks33
\MPscratchCnt=\count148
\MPscratchDim=\dimen136
\MPnumerator=\count149
\everyMPtoPDFconversion=\toks34
) ABD: EveryShipout initializing macros
Package hyperref Info: Link coloring OFF on input line 93.

(/usr/share/texmf-texlive/tex/latex/hyperref/nameref.sty
Package: nameref 2006/12/27 v2.28 Cross-referencing by name of section

(/usr/share/texmf-texlive/tex/latex/oberdiek/refcount.sty
Package: refcount 2006/02/20 v3.0 Data extraction from references (HO)
)
\c@section@level=\count150
)
LaTeX Info: Redefining \ref on input line 93.
LaTeX Info: Redefining \pageref on input line 93.
 (./bach.out)
(./bach.out)
\@outlinefile=\write3
\openout3 = `bach.out'.

 <Titelblatt.pdf, id=105, page=1, 597.23125pt x 845.1575pt>
File: Titelblatt.pdf Graphic file (type pdf)

<use Titelblatt.pdf, page 1>
File: Titelblatt.pdf Graphic file (type pdf)
 <use Titelblatt.pdf, page 1>
File: Titelblatt.pdf Graphic file (type pdf)

<use Titelblatt.pdf, page 1>
File: Titelblatt.pdf Graphic file (type pdf)
 <use Titelblatt.pdf, page 1>
File: Titelblatt.pdf Graphic file (type pdf)

<use Titelblatt.pdf, page 1> [1

 <./Titelblatt.pdf

pdfTeX warning: pdflatex (file ./Titelblatt.pdf): PDF inclusion: Page Group det
ected which pdfTeX can't handle. Ignoring it.
>] (./bach.toc
LaTeX Font Info:    Try loading font information for U+msa on input line 2.
 (/usr/share/texmf-texlive/tex/latex/amsfonts/umsa.fd
File: umsa.fd 2002/01/19 v2.2g AMS font definitions
)
LaTeX Font Info:    Try loading font information for U+msb on input line 2.

(/usr/share/texmf-texlive/tex/latex/amsfonts/umsb.fd
File: umsb.fd 2002/01/19 v2.2g AMS font definitions
))
\tf@toc=\write4
\openout4 = `bach.toc'.

 [2{/var/lib/texmf/fonts/map/pdftex/updmap/pdftex.map}] (./tex/preamble.tex
(/usr/share/texmf-texlive/tex/latex/ucs/data/uni-0.def
File: uni-0.def 2004/10/17 UCS: Unicode data U+0000..U+00FF
)
Underfull \hbox (badness 10000) in paragraph at lines 2--2

 []

) [3] (./tex/einleitung.tex) <bilder/fzk2.png, id=163, 132.495pt x 231.264pt>
File: bilder/fzk2.png Graphic file (type png)

<use bilder/fzk2.png>
Overfull \vbox (3.86385pt too high) has occurred while \output is active []


[4 <./bilder/fzk2.png>] (./tex/abstract.tex)
File: bilder/fzk2.png Graphic file (type png)
 <use bilder/fzk2.png>
Overfull \vbox (3.86385pt too high) has occurred while \output is active []


[5] (./tex/grundlagen.tex
Overfull \hbox (6.74178pt too wide) in paragraph at lines 17--20
[]\T1/aer/m/n/12 Nagios er-freut sich ho-her Be-liebt-heit auf-grund der (be-re
its vor-han-de-nen [macht
 []

File: bilder/fzk2.png Graphic file (type png)
<use bilder/fzk2.png>
Overfull \vbox (3.86385pt too high) has occurred while \output is active []


[6] (./tex/aufbau.tex
File: bilder/fzk2.png Graphic file (type png)
 <use bilder/fzk2.png>
Overfull \vbox (3.86385pt too high) has occurred while \output is active []


[7] <bilder/nagios-proc.png, id=193, 409.53pt x 266.9975pt>
File: bilder/nagios-proc.png Graphic file (type png)

<use bilder/nagios-proc.png>
! Argument of \Hy@tempa has an extra }.
<inserted text> 
                \par 
l.13 ...nagioswiki.org/w/images/8/81/Plugins.png}}
                                                  
I've run across a `}' that doesn't seem to match anything.
For example, `\def\a#1{...}' and `\a}' would produce
this error. If you simply proceed now, the `\par' that
I've just inserted will cause me to report a runaway
argument that might be the root of the problem. But if
your `}' was spurious, just type `2' and it will go away.

Runaway argument?
\@captype {\@xfootnote }\def \reserved@b {\stepcounter \@mpfn \protected@xdef \
ETC.
! Paragraph ended before \Hy@tempa was complete.
<to be read again> 
                   \par 
l.13 ...nagioswiki.org/w/images/8/81/Plugins.png}}
                                                  
I suspect you've forgotten a `}', causing me to apply this
control sequence to too much text. How can we recover?
My plan is to forget the whole thing and hope for the best.

File: bilder/fzk2.png Graphic file (type png)
<use bilder/fzk2.png>
Overfull \vbox (3.86385pt too high) has occurred while \output is active []


[8 <./bilder/nagios-proc.png (PNG copy)>]
(/usr/share/texmf-texlive/tex/latex/listings/lstlang1.sty
File: lstlang1.sty 2004/09/05 1.3 listings language file
)
(/usr/share/texmf-texlive/tex/latex/listings/lstlang1.sty
File: lstlang1.sty 2004/09/05 1.3 listings language file
)
LaTeX Font Info:    Try loading font information for T1+aett on input line 23.

(/usr/share/texmf-texlive/tex/latex/ae/t1aett.fd
File: t1aett.fd 1997/11/16 Font definitions for T1/aett.
)
(/usr/share/texmf-texlive/tex/latex/ucs/utf8x.def
File: utf8x.def 2004/10/17 UCS: Input encoding UTF-8
)
<bilder/check-swap-white.png, id=206, 471.7625pt x 29.10875pt>
File: bilder/check-swap-white.png Graphic file (type png)

<use bilder/check-swap-white.png>
<bilder/nagios-4state-tab.png, id=207, 496.85625pt x 212.795pt>
File: bilder/nagios-4state-tab.png Graphic file (type png)

<use bilder/nagios-4state-tab.png>
File: bilder/fzk2.png Graphic file (type png)
 <use bilder/fzk2.png>
Overfull \vbox (3.86385pt too high) has occurred while \output is active []


[9] <bilder/hs-states.png, id=227, 762.85pt x 216.81pt>
File: bilder/hs-states.png Graphic file (type png)

<use bilder/hs-states.png>
File: bilder/fzk2.png Graphic file (type png)
 <use bilder/fzk2.png>
Overfull \vbox (3.86385pt too high) has occurred while \output is active []


[10 <./bilder/check-swap-white.png (PNG copy)> <./bilder/nagios-4state-tab.png 
(PNG copy)>]
LaTeX Font Info:    Try loading font information for OMS+aer on input line 83.
 (/usr/share/texmf-texlive/tex/latex/ae/omsaer.fd
File: omsaer.fd 1999/12/27
)
LaTeX Font Info:    Font shape `OMS/aer/m/n' in size <12> not available
(Font)              Font shape `OMS/cmsy/m/n' tried instead on input line 83.
File: bilder/fzk2.png Graphic file (type png)

<use bilder/fzk2.png>
Overfull \vbox (3.86385pt too high) has occurred while \output is active []


[11 <./bilder/hs-states.png>]) (./tex/services.tex
<bilder/check-http.png, id=247, 638.385pt x 29.10875pt>
File: bilder/check-http.png Graphic file (type png)

<use bilder/check-http.png>
<bilder/nagios-kern.png, id=248, 860.21375pt x 595.22375pt>
File: bilder/nagios-kern.png Graphic file (type png)

<use bilder/nagios-kern.png>
File: bilder/fzk2.png Graphic file (type png)
 <use bilder/fzk2.png>
Overfull \vbox (3.86385pt too high) has occurred while \output is active []


[12 <./bilder/check-http.png (PNG copy)>]
File: bilder/fzk2.png Graphic file (type png)
 <use bilder/fzk2.png>
Overfull \vbox (3.86385pt too high) has occurred while \output is active []


[13 <./bilder/nagios-kern.png>]
<bilder/check_by_ssh.png, id=270, 718.685pt x 28.105pt>
File: bilder/check_by_ssh.png Graphic file (type png)

<use bilder/check_by_ssh.png>
File: bilder/fzk2.png Graphic file (type png)
 <use bilder/fzk2.png>
Overfull \vbox (3.86385pt too high) has occurred while \output is active []


[14 <./bilder/check_by_ssh.png (PNG copy)>]
Overfull \hbox (21.68184pt too wide) in paragraph at lines 68--68
\T1/aer/m/n/12 nut-zen, um lo-ka-le Res-sour-cen wie Pro-zes-se, Fest-plat-ten 
oder Interface-
 []

<bilder/nsca.png, id=281, 645.41125pt x 202.7575pt>
File: bilder/nsca.png Graphic file (type png)
 <use bilder/nsca.png>
File: bilder/fzk2.png Graphic file (type png)

<use bilder/fzk2.png>
Overfull \vbox (3.86385pt too high) has occurred while \output is active []


[15] <bilder/nrpe.png, id=290, 665.6983pt x 164.89775pt>
File: bilder/nrpe.png Graphic file (type png)
 <use bilder/nrpe.png>

! LaTeX Error: Lonely \item--perhaps a missing list environment.

See the LaTeX manual or LaTeX Companion for explanation.
Type  H <return>  for immediate help.
 ...                                              
                                                  
l.99 \item K
            urz agenten, zeigen auf f. Kapitel -> SNMP erkl√§ren (MIB, OID) ...

Try typing  <return>  to proceed.
If that doesn't work, type  X <return>  to quit.


Underfull \hbox (badness 10000) detected at line 99
[][]
 []


! LaTeX Error: \begin{document} ended by \end{itemize}.

See the LaTeX manual or LaTeX Companion for explanation.
Type  H <return>  for immediate help.
 ...                                              
                                                  
l.100 \end{itemize}
                   
Your command was ignored.
Type  I <command> <return>  to replace it with another command,
or  <return>  to continue without it.

! Extra \endgroup.
<recently read> \endgroup 
                          
l.100 \end{itemize}
                   
Things are pretty mixed up, but I think the worst is over.

File: bilder/fzk2.png Graphic file (type png)
<use bilder/fzk2.png>
Overfull \vbox (3.86385pt too high) has occurred while \output is active []


[16 <./bilder/nsca.png (PNG copy)> <./bilder/nrpe.png (PNG copy)>])
<bilder/unix-agents.png, id=300, 622.325pt x 295.1025pt>
File: bilder/unix-agents.png Graphic file (type png)

<use bilder/unix-agents.png>
File: bilder/fzk2.png Graphic file (type png)
 <use bilder/fzk2.png>
Overfull \vbox (3.86385pt too high) has occurred while \output is active []


[17 <./bilder/unix-agents.png (PNG copy)>]
<bilder/win-agents.png, id=312, 572.1375pt x 391.4625pt>
File: bilder/win-agents.png Graphic file (type png)

<use bilder/win-agents.png> (./tex/stellent.tex

LaTeX Warning: Reference `Huff06' on page 18 undefined on input line 11.

File: bilder/fzk2.png Graphic file (type png)
<use bilder/fzk2.png>
Overfull \vbox (3.86385pt too high) has occurred while \output is active []


[18 <./bilder/win-agents.png (PNG copy)>]
File: bilder/fzk2.png Graphic file (type png)
 <use bilder/fzk2.png>
Overfull \vbox (3.86385pt too high) has occurred while \output is active []


[19]
Overfull \hbox (1.49574pt too wide) in paragraph at lines 36--37
[]\T1/aer/bx/n/12 Festplattenspeicherausnutzung \T1/aer/m/n/12 ‹ber-wacht die S
pei-cher-platzaus-las-
 []


Overfull \hbox (15.20657pt too wide) in paragraph at lines 50--51
[]\T1/aer/bx/n/12 IdcContentService??? \T1/aer/m/n/12 Den Zu-stand des ^^RConte
nt-Dienstes^^P-^^R\T1/aett/m/n/12 sccdms01\T1/aer/m/n/12 ^^P
 []

File: bilder/fzk2.png Graphic file (type png)
<use bilder/fzk2.png>
Overfull \vbox (3.86385pt too high) has occurred while \output is active []


[20]
File: bilder/fzk2.png Graphic file (type png)
 <use bilder/fzk2.png>
Overfull \vbox (3.86385pt too high) has occurred while \output is active []


[21]
File: bilder/fzk2.png Graphic file (type png)
 <use bilder/fzk2.png>
Overfull \vbox (3.86385pt too high) has occurred while \output is active []


[22]))
File: bilder/fzk2.png Graphic file (type png)
 <use bilder/fzk2.png>
Overfull \vbox (3.86385pt too high) has occurred while \output is active []


[23] (./tex/architektur.tex)
File: bilder/fzk2.png Graphic file (type png)
 <use bilder/fzk2.png>
Overfull \vbox (3.86385pt too high) has occurred while \output is active []


[24] (./tex/umsetzung.tex (/usr/share/texmf-texlive/tex/latex/ucs/utf8x.def
File: utf8x.def 2004/10/17 UCS: Input encoding UTF-8
))
File: bilder/fzk2.png Graphic file (type png)

<use bilder/fzk2.png>
Overfull \vbox (3.86385pt too high) has occurred while \output is active []


[25] (./bach.lof
Runaway argument?
{\numberline {1}{\ignorespaces Logische Nagios Struktur\let \reserved@d \ETC.
! Paragraph ended before \contentsline was complete.
<to be read again> 
                   \par 
l.2 ...Nagios Struktur\let \reserved@d =[\def \par
                                                   }}{8}{figure.1}
I suspect you've forgotten a `}', causing me to apply this
control sequence to too much text. How can we recover?
My plan is to forget the whole thing and hope for the best.

! Extra }, or forgotten \endgroup.
l.2 ...gios Struktur\let \reserved@d =[\def \par }
                                                  }{8}{figure.1}
I've deleted a group-closing symbol because it seems to be
spurious, as in `$x}$'. But perhaps the } is legitimate and
you forgot something else, as in `\hbox{$x}'. In such cases
the way to recover is to insert both the forgotten and the
deleted material, e.g., by typing `I$}'.

! Extra }, or forgotten \endgroup.
l.2 ...ios Struktur\let \reserved@d =[\def \par }}
                                                  {8}{figure.1}
I've deleted a group-closing symbol because it seems to be
spurious, as in `$x}$'. But perhaps the } is legitimate and
you forgot something else, as in `\hbox{$x}'. In such cases
the way to recover is to insert both the forgotten and the
deleted material, e.g., by typing `I$}'.

)
\tf@lof=\write5
\openout5 = `bach.lof'.

File: bilder/fzk2.png Graphic file (type png)
 <use bilder/fzk2.png>
Overfull \vbox (3.86385pt too high) has occurred while \output is active []


[26]
Underfull \hbox (badness 3078) in paragraph at lines 127--128
[]\T1/aer/m/n/12 Wolfgang Barth (2008) ^^RNa-gi-os - System- und Netzwerk-
 []

File: bilder/fzk2.png Graphic file (type png)
<use bilder/fzk2.png>
Overfull \vbox (3.86385pt too high) has occurred while \output is active []


[27] (./bach.aux)

LaTeX Warning: There were undefined references.


LaTeX Warning: Label(s) may have changed. Rerun to get cross-references right.

 ) 
Here is how much of TeX's memory you used:
 8699 strings out of 94074
 116981 string characters out of 1165153
 222668 words of memory out of 1500000
 11625 multiletter control sequences out of 10000+50000
 40215 words of font info for 88 fonts, out of 1200000 for 2000
 645 hyphenation exceptions out of 8191
 36i,16n,51p,493b,1052s stack positions out of 5000i,500n,6000p,200000b,5000s
pdfTeX warning (dest): name{Hfootnote.14} has been referenced but does not ex
ist, replaced by a fixed one

pdfTeX warning (dest): name{Hfootnote.13} has been referenced but does not exis
t, replaced by a fixed one

pdfTeX warning (dest): name{Hfootnote.12} has been referenced but does not exis
t, replaced by a fixed one

pdfTeX warning (dest): name{Hfootnote.11} has been referenced but does not exis
t, replaced by a fixed one

pdfTeX warning (dest): name{Hfootnote.10} has been referenced but does not exis
t, replaced by a fixed one

pdfTeX warning (dest): name{Hfootnote.9} has been referenced but does not exist
, replaced by a fixed one

pdfTeX warning (dest): name{Hfootnote.8} has been referenced but does not exist
, replaced by a fixed one

pdfTeX warning (dest): name{Hfootnote.7} has been referenced but does not exist
, replaced by a fixed one

pdfTeX warning (dest): name{Hfootnote.6} has been referenced but does not exist
, replaced by a fixed one

pdfTeX warning (dest): name{Hfootnote.5} has been referenced but does not exist
, replaced by a fixed one

pdfTeX warning (dest): name{Hfootnote.4} has been referenced but does not exist
, replaced by a fixed one

pdfTeX warning (dest): name{Hfootnote.3} has been referenced but does not exist
, replaced by a fixed one

pdfTeX warning (dest): name{Hfootnote.2} has been referenced but does not exist
, replaced by a fixed one

pdfTeX warning (dest): name{Hfootnote.1} has been referenced but does not exist
, replaced by a fixed one

pdfTeX warning (dest): name{subsubsection.3.5.5} has been referenced but does n
ot exist, replaced by a fixed one

pdfTeX warning (dest): name{subsubsection.3.5.4} has been referenced but does n
ot exist, replaced by a fixed one

pdfTeX warning (dest): name{subsubsection.3.5.3} has been referenced but does n
ot exist, replaced by a fixed one

pdfTeX warning (dest): name{subsubsection.3.5.2} has been referenced but does n
ot exist, replaced by a fixed one

pdfTeX warning (dest): name{subsubsection.3.5.1} has been referenced but does n
ot exist, replaced by a fixed one

</usr/share/texmf-texlive/fonts/type1/bluesky/cm/cmbx12.pfb></usr/share/texmf-t
exlive/fonts/type1/bluesky/cm/cmmi12.pfb></usr/share/texmf-texlive/fonts/type1/
bluesky/cm/cmr10.pfb></usr/share/texmf-texlive/fonts/type1/bluesky/cm/cmr12.pfb
></usr/share/texmf-texlive/fonts/type1/bluesky/cm/cmr7.pfb></usr/share/texmf-te
xlive/fonts/type1/bluesky/cm/cmr8.pfb></usr/share/texmf-texlive/fonts/type1/blu
esky/cm/cmsl12.pfb></usr/share/texmf-texlive/fonts/type1/bluesky/cm/cmsy10.pfb>
</usr/share/texmf-texlive/fonts/type1/bluesky/cm/cmti12.pfb></usr/share/texmf-t
exlive/fonts/type1/bluesky/cm/cmtt12.pfb></usr/share/texmf-texlive/fonts/type1/
bluesky/cm/cmtt8.pfb>
Output written on bach.pdf (27 pages, 1000610 bytes).
PDF statistics:
 450 PDF objects out of 1000 (max. 8388607)
 115 named destinations out of 1000 (max. 131072)
 284 words of extra memory for PDF output out of 10000 (max. 10000000)

